<?xml version="1.0" encoding="UTF-8"?>
<!-- Generated by org.testng.reporters.JUnitXMLReporter -->
<testsuite hostname="Ayush-HOB" failures="0" tests="3" name="Homepage" time="21.433" errors="0" timestamp="17 May 2021 10:12:29 GMT">
  <testcase classname="com.boddess.testscript.Homepage" name="Header_Links" time="0.477"/>
  <testcase classname="com.boddess.testscript.Homepage" name="Header_Links1" time="0.35"/>
  <testcase classname="com.boddess.testscript.Homepage" name="cat_Navigation" time="20.59"/>
</testsuite> <!-- Homepage -->
