<?xml version="1.0" encoding="UTF-8"?>
<!-- Generated by org.testng.reporters.JUnitXMLReporter -->
<testsuite hostname="Ayush-HOB" failures="0" tests="3" name="Homepage" time="22.419" errors="0" timestamp="22 Jun 2021 05:28:59 GMT">
  <testcase classname="com.boddess.testscript.Homepage" name="Header_Links" time="0.872"/>
  <testcase classname="com.boddess.testscript.Homepage" name="Header_Links1" time="0.353"/>
  <testcase classname="com.boddess.testscript.Homepage" name="cat_Navigation" time="21.174"/>
</testsuite> <!-- Homepage -->
