<?xml version="1.0" encoding="UTF-8"?>
<!-- Generated by org.testng.reporters.JUnitXMLReporter -->
<testsuite hostname="AYUSH-HOB" failures="0" tests="6" name="My Account" time="7.95" errors="0" timestamp="8 Apr 2022 07:08:39 GMT">
  <testcase classname="com.boddess.testscript.MyAccount" name="ContactDetails" time="7.371"/>
  <testcase classname="com.boddess.testscript.MyAccount" name="ChangePassword" time="0.299"/>
  <testcase classname="com.boddess.testscript.MyAccount" name="Newsletter" time="0.072"/>
  <testcase classname="com.boddess.testscript.MyAccount" name="DefaultBillingAddress" time="0.045"/>
  <testcase classname="com.boddess.testscript.MyAccount" name="DefaultShippingAddress" time="0.048"/>
  <testcase classname="com.boddess.testscript.MyAccount" name="ManageAddressLink" time="0.111"/>
</testsuite> <!-- My Account -->
