<?xml version="1.0" encoding="UTF-8"?>
<!-- Generated by org.testng.reporters.JUnitXMLReporter -->
<testsuite hostname="AYUSH-HOB" failures="0" tests="6" name="My Account" time="11.264" errors="0" timestamp="1 Sep 2022 09:33:20 GMT">
  <testcase classname="com.boddess.testscript.MyAccount" name="ContactDetails" time="10.253"/>
  <testcase classname="com.boddess.testscript.MyAccount" name="ChangePassword" time="0.356"/>
  <testcase classname="com.boddess.testscript.MyAccount" name="Newsletter" time="0.233"/>
  <testcase classname="com.boddess.testscript.MyAccount" name="DefaultBillingAddress" time="0.212"/>
  <testcase classname="com.boddess.testscript.MyAccount" name="DefaultShippingAddress" time="0.11"/>
  <testcase classname="com.boddess.testscript.MyAccount" name="ManageAddressLink" time="0.089"/>
</testsuite> <!-- My Account -->
