<?xml version="1.0" encoding="UTF-8"?>
<!-- Generated by org.testng.reporters.JUnitXMLReporter -->
<testsuite hostname="AYUSH-HOB" failures="0" tests="10" name="PDP" time="9.113" errors="0" timestamp="6 Sep 2022 05:01:53 GMT">
  <testcase classname="com.boddess.testscript.PDP" name="prd_name" time="0.562"/>
  <testcase classname="com.boddess.testscript.PDP" name="qty_addtoCart" time="0.299"/>
  <testcase classname="com.boddess.testscript.PDP" name="social" time="0.488"/>
  <testcase classname="com.boddess.testscript.PDP" name="prices_pdp" time="0.061"/>
  <testcase classname="com.boddess.testscript.PDP" name="wish" time="0.089"/>
  <testcase classname="com.boddess.testscript.PDP" name="Product_Image" time="0.038"/>
  <testcase classname="com.boddess.testscript.PDP" name="Pincode_Validation" time="3.13"/>
  <testcase classname="com.boddess.testscript.PDP" name="ProductDetailSection" time="0.063"/>
  <testcase classname="com.boddess.testscript.PDP" name="breadcrumbs_pdp" time="0.04"/>
  <testcase classname="com.boddess.testscript.PDP" name="Pincode_Validation_correct" time="4.33"/>
</testsuite> <!-- PDP -->
