<?xml version="1.0" encoding="UTF-8"?>
<!-- Generated by org.testng.reporters.JUnitXMLReporter -->
<testsuite hostname="Ayush-HOB" failures="0" tests="10" name="PDP" time="18.043" errors="0" timestamp="17 May 2021 10:13:06 GMT">
  <testcase classname="com.boddess.testscript.PDP" name="prd_name" time="16.665"/>
  <testcase classname="com.boddess.testscript.PDP" name="qty_addtoCart" time="0.094"/>
  <testcase classname="com.boddess.testscript.PDP" name="social" time="0.094"/>
  <testcase classname="com.boddess.testscript.PDP" name="prices_pdp" time="0.022"/>
  <testcase classname="com.boddess.testscript.PDP" name="wish" time="0.049"/>
  <testcase classname="com.boddess.testscript.PDP" name="Product_Image" time="0.044"/>
  <testcase classname="com.boddess.testscript.PDP" name="Pincode_Validation" time="0.171"/>
  <testcase classname="com.boddess.testscript.PDP" name="ProductDetailSection" time="0.141"/>
  <testcase classname="com.boddess.testscript.PDP" name="breadcrumbs_pdp" time="0.047"/>
  <testcase classname="com.boddess.testscript.PDP" name="Pincode_Validation_correct" time="0.706"/>
</testsuite> <!-- PDP -->
