<?xml version="1.0" encoding="UTF-8"?>
<!-- Generated by org.testng.reporters.JUnitXMLReporter -->
<testsuite hostname="AYUSH-HOB" failures="23" tests="28" name="Test" time="1175.233" errors="0" timestamp="23 Aug 2022 06:12:41 GMT">
  <testcase classname="com.boddess.testscript.MyAccount" name="ContactDetails" time="120.073">
    <failure type="org.openqa.selenium.TimeoutException" message="Expected condition failed: waiting for visibility of element located by By.xpath: //span[@class=&amp;apos;customer-name&amp;apos;] (tried for 120 second(s) with 500 milliseconds interval)">
      <![CDATA[org.openqa.selenium.TimeoutException: Expected condition failed: waiting for visibility of element located by By.xpath: //span[@class='customer-name'] (tried for 120 second(s) with 500 milliseconds interval)
	at org.openqa.selenium.support.ui.WebDriverWait.timeoutException(WebDriverWait.java:81)
	at org.openqa.selenium.support.ui.FluentWait.until(FluentWait.java:271)
	at com.boddess.utilities.Setup.wait(Setup.java:56)
	at com.boddess.testscript.MyAccount.ContactDetails(MyAccount.java:88)
Caused by: org.openqa.selenium.NoSuchElementException: Cannot locate an element using By.xpath: //span[@class='customer-name']
For documentation on this error, please visit: http://seleniumhq.org/exceptions/no_such_element.html
Build info: version: '3.13.0', revision: '2f0d292', time: '2018-06-25T15:24:21.231Z'
System info: host: 'AYUSH-HOB', ip: '172.17.42.72', os.name: 'Windows 10', os.arch: 'amd64', os.version: '10.0', java.version: '16.0.2'
Driver info: driver.version: unknown
	at org.openqa.selenium.support.ui.ExpectedConditions.lambda$findElement$0(ExpectedConditions.java:896)
	at java.base/java.util.Optional.orElseThrow(Optional.java:403)
	at org.openqa.selenium.support.ui.ExpectedConditions.findElement(ExpectedConditions.java:895)
	at org.openqa.selenium.support.ui.ExpectedConditions.access$000(ExpectedConditions.java:44)
	at org.openqa.selenium.support.ui.ExpectedConditions$7.apply(ExpectedConditions.java:206)
	at org.openqa.selenium.support.ui.ExpectedConditions$7.apply(ExpectedConditions.java:202)
	at org.openqa.selenium.support.ui.FluentWait.until(FluentWait.java:248)
	... 26 more
... Removed 24 stack frames]]>
    </failure>
  </testcase> <!-- ContactDetails -->
  <testcase classname="com.boddess.testscript.Login_Reg" name="Login" time="47.443"/>
  <testcase classname="com.boddess.testscript.CLP" name="FirstTest" time="0.001"/>
  <testcase classname="com.boddess.testscript.PDP" name="prd_name" time="3.13"/>
  <testcase classname="com.boddess.testscript.Checkout" name="navigation_cart" time="120.018">
    <failure type="org.openqa.selenium.TimeoutException" message="Expected condition failed: waiting for visibility of element located by By.xpath: //div[@id=&amp;apos;ktpl-list-items-3&amp;apos;]//div[6]//div[1]//div[1]//div[1]//div[2]//div[2]//form[1]//button[1]//span[1] (tried for 120 second(s) with 500 milliseconds interval)">
      <![CDATA[org.openqa.selenium.TimeoutException: Expected condition failed: waiting for visibility of element located by By.xpath: //div[@id='ktpl-list-items-3']//div[6]//div[1]//div[1]//div[1]//div[2]//div[2]//form[1]//button[1]//span[1] (tried for 120 second(s) with 500 milliseconds interval)
	at org.openqa.selenium.support.ui.WebDriverWait.timeoutException(WebDriverWait.java:81)
	at org.openqa.selenium.support.ui.FluentWait.until(FluentWait.java:271)
	at com.boddess.utilities.Setup.wait(Setup.java:56)
	at com.boddess.testscript.Checkout.navigation_cart(Checkout.java:46)
Caused by: org.openqa.selenium.NoSuchElementException: Cannot locate an element using By.xpath: //div[@id='ktpl-list-items-3']//div[6]//div[1]//div[1]//div[1]//div[2]//div[2]//form[1]//button[1]//span[1]
For documentation on this error, please visit: http://seleniumhq.org/exceptions/no_such_element.html
Build info: version: '3.13.0', revision: '2f0d292', time: '2018-06-25T15:24:21.231Z'
System info: host: 'AYUSH-HOB', ip: '172.17.42.72', os.name: 'Windows 10', os.arch: 'amd64', os.version: '10.0', java.version: '16.0.2'
Driver info: driver.version: unknown
	at org.openqa.selenium.support.ui.ExpectedConditions.lambda$findElement$0(ExpectedConditions.java:896)
	at java.base/java.util.Optional.orElseThrow(Optional.java:403)
	at org.openqa.selenium.support.ui.ExpectedConditions.findElement(ExpectedConditions.java:895)
	at org.openqa.selenium.support.ui.ExpectedConditions.access$000(ExpectedConditions.java:44)
	at org.openqa.selenium.support.ui.ExpectedConditions$7.apply(ExpectedConditions.java:206)
	at org.openqa.selenium.support.ui.ExpectedConditions$7.apply(ExpectedConditions.java:202)
	at org.openqa.selenium.support.ui.FluentWait.until(FluentWait.java:248)
	... 26 more
... Removed 24 stack frames]]>
    </failure>
  </testcase> <!-- navigation_cart -->
  <testcase classname="com.boddess.testscript.Homepage" name="Header_Links" time="0.067"/>
  <testcase classname="com.boddess.testscript.BrokenLinks" name="Broken_Links" time="884.373"/>
  <testcase classname="com.boddess.testscript.LoginCheckout" name="Login" time="0.007">
    <failure type="org.openqa.selenium.NoSuchSessionException" message="Session ID is null. Using WebDriver after calling quit()?
Build info: version: &amp;apos;3.13.0&amp;apos;, revision: &amp;apos;2f0d292&amp;apos;, time: &amp;apos;2018-06-25T15:24:21.231Z&amp;apos;
System info: host: &amp;apos;AYUSH-HOB&amp;apos;, ip: &amp;apos;172.17.42.72&amp;apos;, os.name: &amp;apos;Windows 10&amp;apos;, os.arch: &amp;apos;amd64&amp;apos;, os.version: &amp;apos;10.0&amp;apos;, java.version: &amp;apos;16.0.2&amp;apos;
Driver info: driver.version: RemoteWebDriver">
      <![CDATA[org.openqa.selenium.NoSuchSessionException: Session ID is null. Using WebDriver after calling quit()?
Build info: version: '3.13.0', revision: '2f0d292', time: '2018-06-25T15:24:21.231Z'
System info: host: 'AYUSH-HOB', ip: '172.17.42.72', os.name: 'Windows 10', os.arch: 'amd64', os.version: '10.0', java.version: '16.0.2'
Driver info: driver.version: RemoteWebDriver
	at org.openqa.selenium.remote.HttpCommandExecutor.execute(HttpCommandExecutor.java:125)
	at org.openqa.selenium.remote.service.DriverCommandExecutor.execute(DriverCommandExecutor.java:83)
	at org.openqa.selenium.remote.RemoteWebDriver.execute(RemoteWebDriver.java:548)
	at org.openqa.selenium.remote.RemoteWebDriver.findElements(RemoteWebDriver.java:349)
	at org.openqa.selenium.remote.RemoteWebDriver.findElementsByXPath(RemoteWebDriver.java:428)
	at org.openqa.selenium.By$ByXPath.findElements(By.java:348)
	at org.openqa.selenium.remote.RemoteWebDriver.findElements(RemoteWebDriver.java:310)
	at org.openqa.selenium.support.ui.ExpectedConditions.findElement(ExpectedConditions.java:895)
	at org.openqa.selenium.support.ui.ExpectedConditions.access$000(ExpectedConditions.java:44)
	at org.openqa.selenium.support.ui.ExpectedConditions$7.apply(ExpectedConditions.java:206)
	at org.openqa.selenium.support.ui.ExpectedConditions$7.apply(ExpectedConditions.java:202)
	at org.openqa.selenium.support.ui.FluentWait.until(FluentWait.java:248)
	at com.boddess.utilities.Setup.wait(Setup.java:56)
	at com.boddess.utilities.MyMethods.Login(MyMethods.java:20)
	at com.boddess.testscript.LoginCheckout.Login(LoginCheckout.java:38)
... Removed 24 stack frames]]>
    </failure>
  </testcase> <!-- Login -->
  <testcase classname="com.boddess.testscript.Static_Pages" name="About_Us" time="0.001">
    <failure type="org.openqa.selenium.NoSuchSessionException" message="Session ID is null. Using WebDriver after calling quit()?
Build info: version: &amp;apos;3.13.0&amp;apos;, revision: &amp;apos;2f0d292&amp;apos;, time: &amp;apos;2018-06-25T15:24:21.231Z&amp;apos;
System info: host: &amp;apos;AYUSH-HOB&amp;apos;, ip: &amp;apos;172.17.42.72&amp;apos;, os.name: &amp;apos;Windows 10&amp;apos;, os.arch: &amp;apos;amd64&amp;apos;, os.version: &amp;apos;10.0&amp;apos;, java.version: &amp;apos;16.0.2&amp;apos;
Driver info: driver.version: RemoteWebDriver">
      <![CDATA[org.openqa.selenium.NoSuchSessionException: Session ID is null. Using WebDriver after calling quit()?
Build info: version: '3.13.0', revision: '2f0d292', time: '2018-06-25T15:24:21.231Z'
System info: host: 'AYUSH-HOB', ip: '172.17.42.72', os.name: 'Windows 10', os.arch: 'amd64', os.version: '10.0', java.version: '16.0.2'
Driver info: driver.version: RemoteWebDriver
	at org.openqa.selenium.remote.HttpCommandExecutor.execute(HttpCommandExecutor.java:125)
	at org.openqa.selenium.remote.service.DriverCommandExecutor.execute(DriverCommandExecutor.java:83)
	at org.openqa.selenium.remote.RemoteWebDriver.execute(RemoteWebDriver.java:548)
	at org.openqa.selenium.remote.RemoteWebDriver.findElement(RemoteWebDriver.java:322)
	at org.openqa.selenium.remote.RemoteWebDriver.findElementByXPath(RemoteWebDriver.java:424)
	at org.openqa.selenium.By$ByXPath.findElement(By.java:353)
	at org.openqa.selenium.remote.RemoteWebDriver.findElement(RemoteWebDriver.java:314)
	at com.boddess.testscript.Static_Pages.About_Us(Static_Pages.java:31)
... Removed 24 stack frames]]>
    </failure>
  </testcase> <!-- About_Us -->
  <testcase classname="com.boddess.testscript.PLP" name="bread_plp" time="0.005">
    <failure type="org.openqa.selenium.NoSuchSessionException" message="Session ID is null. Using WebDriver after calling quit()?
Build info: version: &amp;apos;3.13.0&amp;apos;, revision: &amp;apos;2f0d292&amp;apos;, time: &amp;apos;2018-06-25T15:24:21.231Z&amp;apos;
System info: host: &amp;apos;AYUSH-HOB&amp;apos;, ip: &amp;apos;172.17.42.72&amp;apos;, os.name: &amp;apos;Windows 10&amp;apos;, os.arch: &amp;apos;amd64&amp;apos;, os.version: &amp;apos;10.0&amp;apos;, java.version: &amp;apos;16.0.2&amp;apos;
Driver info: driver.version: RemoteWebDriver">
      <![CDATA[org.openqa.selenium.NoSuchSessionException: Session ID is null. Using WebDriver after calling quit()?
Build info: version: '3.13.0', revision: '2f0d292', time: '2018-06-25T15:24:21.231Z'
System info: host: 'AYUSH-HOB', ip: '172.17.42.72', os.name: 'Windows 10', os.arch: 'amd64', os.version: '10.0', java.version: '16.0.2'
Driver info: driver.version: RemoteWebDriver
	at org.openqa.selenium.remote.HttpCommandExecutor.execute(HttpCommandExecutor.java:125)
	at org.openqa.selenium.remote.service.DriverCommandExecutor.execute(DriverCommandExecutor.java:83)
	at org.openqa.selenium.remote.RemoteWebDriver.execute(RemoteWebDriver.java:548)
	at org.openqa.selenium.remote.RemoteWebDriver.findElement(RemoteWebDriver.java:322)
	at org.openqa.selenium.remote.RemoteWebDriver.findElementByXPath(RemoteWebDriver.java:424)
	at org.openqa.selenium.By$ByXPath.findElement(By.java:353)
	at org.openqa.selenium.remote.RemoteWebDriver.findElement(RemoteWebDriver.java:314)
	at com.boddess.utilities.Setup.Mouseover(Setup.java:44)
	at com.boddess.testscript.PLP.bread_plp(PLP.java:101)
... Removed 24 stack frames]]>
    </failure>
  </testcase> <!-- bread_plp -->
  <testcase classname="com.boddess.testscript.MyAccount" name="ChangePassword" time="0.001">
    <failure type="org.openqa.selenium.NoSuchSessionException" message="Session ID is null. Using WebDriver after calling quit()?
Build info: version: &amp;apos;3.13.0&amp;apos;, revision: &amp;apos;2f0d292&amp;apos;, time: &amp;apos;2018-06-25T15:24:21.231Z&amp;apos;
System info: host: &amp;apos;AYUSH-HOB&amp;apos;, ip: &amp;apos;172.17.42.72&amp;apos;, os.name: &amp;apos;Windows 10&amp;apos;, os.arch: &amp;apos;amd64&amp;apos;, os.version: &amp;apos;10.0&amp;apos;, java.version: &amp;apos;16.0.2&amp;apos;
Driver info: driver.version: RemoteWebDriver">
      <![CDATA[org.openqa.selenium.NoSuchSessionException: Session ID is null. Using WebDriver after calling quit()?
Build info: version: '3.13.0', revision: '2f0d292', time: '2018-06-25T15:24:21.231Z'
System info: host: 'AYUSH-HOB', ip: '172.17.42.72', os.name: 'Windows 10', os.arch: 'amd64', os.version: '10.0', java.version: '16.0.2'
Driver info: driver.version: RemoteWebDriver
	at org.openqa.selenium.remote.HttpCommandExecutor.execute(HttpCommandExecutor.java:125)
	at org.openqa.selenium.remote.service.DriverCommandExecutor.execute(DriverCommandExecutor.java:83)
	at org.openqa.selenium.remote.RemoteWebDriver.execute(RemoteWebDriver.java:548)
	at org.openqa.selenium.remote.RemoteWebDriver.findElements(RemoteWebDriver.java:349)
	at org.openqa.selenium.remote.RemoteWebDriver.findElementsByXPath(RemoteWebDriver.java:428)
	at org.openqa.selenium.By$ByXPath.findElements(By.java:348)
	at org.openqa.selenium.remote.RemoteWebDriver.findElements(RemoteWebDriver.java:310)
	at org.openqa.selenium.support.ui.ExpectedConditions.findElement(ExpectedConditions.java:895)
	at org.openqa.selenium.support.ui.ExpectedConditions.access$000(ExpectedConditions.java:44)
	at org.openqa.selenium.support.ui.ExpectedConditions$7.apply(ExpectedConditions.java:206)
	at org.openqa.selenium.support.ui.ExpectedConditions$7.apply(ExpectedConditions.java:202)
	at org.openqa.selenium.support.ui.FluentWait.until(FluentWait.java:248)
	at com.boddess.utilities.Setup.wait(Setup.java:56)
	at com.boddess.testscript.MyAccount.ChangePassword(MyAccount.java:122)
... Removed 24 stack frames]]>
    </failure>
  </testcase> <!-- ChangePassword -->
  <testcase classname="com.boddess.testscript.PDP" name="qty_addtoCart" time="0.002">
    <failure type="org.openqa.selenium.NoSuchSessionException" message="Session ID is null. Using WebDriver after calling quit()?
Build info: version: &amp;apos;3.13.0&amp;apos;, revision: &amp;apos;2f0d292&amp;apos;, time: &amp;apos;2018-06-25T15:24:21.231Z&amp;apos;
System info: host: &amp;apos;AYUSH-HOB&amp;apos;, ip: &amp;apos;172.17.42.72&amp;apos;, os.name: &amp;apos;Windows 10&amp;apos;, os.arch: &amp;apos;amd64&amp;apos;, os.version: &amp;apos;10.0&amp;apos;, java.version: &amp;apos;16.0.2&amp;apos;
Driver info: driver.version: RemoteWebDriver">
      <![CDATA[org.openqa.selenium.NoSuchSessionException: Session ID is null. Using WebDriver after calling quit()?
Build info: version: '3.13.0', revision: '2f0d292', time: '2018-06-25T15:24:21.231Z'
System info: host: 'AYUSH-HOB', ip: '172.17.42.72', os.name: 'Windows 10', os.arch: 'amd64', os.version: '10.0', java.version: '16.0.2'
Driver info: driver.version: RemoteWebDriver
	at org.openqa.selenium.remote.HttpCommandExecutor.execute(HttpCommandExecutor.java:125)
	at org.openqa.selenium.remote.service.DriverCommandExecutor.execute(DriverCommandExecutor.java:83)
	at org.openqa.selenium.remote.RemoteWebDriver.execute(RemoteWebDriver.java:548)
	at org.openqa.selenium.remote.RemoteWebDriver.findElements(RemoteWebDriver.java:349)
	at org.openqa.selenium.remote.RemoteWebDriver.findElementsByXPath(RemoteWebDriver.java:428)
	at org.openqa.selenium.By$ByXPath.findElements(By.java:348)
	at org.openqa.selenium.remote.RemoteWebDriver.findElements(RemoteWebDriver.java:310)
	at org.openqa.selenium.support.ui.ExpectedConditions.findElement(ExpectedConditions.java:895)
	at org.openqa.selenium.support.ui.ExpectedConditions.access$000(ExpectedConditions.java:44)
	at org.openqa.selenium.support.ui.ExpectedConditions$7.apply(ExpectedConditions.java:206)
	at org.openqa.selenium.support.ui.ExpectedConditions$7.apply(ExpectedConditions.java:202)
	at org.openqa.selenium.support.ui.FluentWait.until(FluentWait.java:248)
	at com.boddess.utilities.Setup.wait(Setup.java:56)
	at com.boddess.testscript.PDP.qty_addtoCart(PDP.java:65)
... Removed 24 stack frames]]>
    </failure>
  </testcase> <!-- qty_addtoCart -->
  <testcase classname="com.boddess.testscript.Homepage" name="Header_Links1" time="0.001">
    <failure type="org.openqa.selenium.NoSuchSessionException" message="Session ID is null. Using WebDriver after calling quit()?
Build info: version: &amp;apos;3.13.0&amp;apos;, revision: &amp;apos;2f0d292&amp;apos;, time: &amp;apos;2018-06-25T15:24:21.231Z&amp;apos;
System info: host: &amp;apos;AYUSH-HOB&amp;apos;, ip: &amp;apos;172.17.42.72&amp;apos;, os.name: &amp;apos;Windows 10&amp;apos;, os.arch: &amp;apos;amd64&amp;apos;, os.version: &amp;apos;10.0&amp;apos;, java.version: &amp;apos;16.0.2&amp;apos;
Driver info: driver.version: RemoteWebDriver">
      <![CDATA[org.openqa.selenium.NoSuchSessionException: Session ID is null. Using WebDriver after calling quit()?
Build info: version: '3.13.0', revision: '2f0d292', time: '2018-06-25T15:24:21.231Z'
System info: host: 'AYUSH-HOB', ip: '172.17.42.72', os.name: 'Windows 10', os.arch: 'amd64', os.version: '10.0', java.version: '16.0.2'
Driver info: driver.version: RemoteWebDriver
	at org.openqa.selenium.remote.HttpCommandExecutor.execute(HttpCommandExecutor.java:125)
	at org.openqa.selenium.remote.service.DriverCommandExecutor.execute(DriverCommandExecutor.java:83)
	at org.openqa.selenium.remote.RemoteWebDriver.execute(RemoteWebDriver.java:548)
	at org.openqa.selenium.remote.RemoteWebDriver.findElement(RemoteWebDriver.java:322)
	at org.openqa.selenium.remote.RemoteWebDriver.findElementByXPath(RemoteWebDriver.java:424)
	at org.openqa.selenium.By$ByXPath.findElement(By.java:353)
	at org.openqa.selenium.remote.RemoteWebDriver.findElement(RemoteWebDriver.java:314)
	at com.boddess.testscript.Homepage.Header_Links1(Homepage.java:65)
... Removed 24 stack frames]]>
    </failure>
  </testcase> <!-- Header_Links1 -->
  <testcase classname="com.boddess.testscript.Static_Pages" name="TnC" time="0.001">
    <failure type="org.openqa.selenium.NoSuchSessionException" message="Session ID is null. Using WebDriver after calling quit()?
Build info: version: &amp;apos;3.13.0&amp;apos;, revision: &amp;apos;2f0d292&amp;apos;, time: &amp;apos;2018-06-25T15:24:21.231Z&amp;apos;
System info: host: &amp;apos;AYUSH-HOB&amp;apos;, ip: &amp;apos;172.17.42.72&amp;apos;, os.name: &amp;apos;Windows 10&amp;apos;, os.arch: &amp;apos;amd64&amp;apos;, os.version: &amp;apos;10.0&amp;apos;, java.version: &amp;apos;16.0.2&amp;apos;
Driver info: driver.version: RemoteWebDriver">
      <![CDATA[org.openqa.selenium.NoSuchSessionException: Session ID is null. Using WebDriver after calling quit()?
Build info: version: '3.13.0', revision: '2f0d292', time: '2018-06-25T15:24:21.231Z'
System info: host: 'AYUSH-HOB', ip: '172.17.42.72', os.name: 'Windows 10', os.arch: 'amd64', os.version: '10.0', java.version: '16.0.2'
Driver info: driver.version: RemoteWebDriver
	at org.openqa.selenium.remote.HttpCommandExecutor.execute(HttpCommandExecutor.java:125)
	at org.openqa.selenium.remote.service.DriverCommandExecutor.execute(DriverCommandExecutor.java:83)
	at org.openqa.selenium.remote.RemoteWebDriver.execute(RemoteWebDriver.java:548)
	at org.openqa.selenium.remote.RemoteWebDriver.findElement(RemoteWebDriver.java:322)
	at org.openqa.selenium.remote.RemoteWebDriver.findElementByXPath(RemoteWebDriver.java:424)
	at org.openqa.selenium.By$ByXPath.findElement(By.java:353)
	at org.openqa.selenium.remote.RemoteWebDriver.findElement(RemoteWebDriver.java:314)
	at com.boddess.testscript.Static_Pages.TnC(Static_Pages.java:55)
... Removed 24 stack frames]]>
    </failure>
  </testcase> <!-- TnC -->
  <testcase classname="com.boddess.testscript.PLP" name="static_plp" time="0.001">
    <failure type="org.openqa.selenium.NoSuchSessionException" message="Session ID is null. Using WebDriver after calling quit()?
Build info: version: &amp;apos;3.13.0&amp;apos;, revision: &amp;apos;2f0d292&amp;apos;, time: &amp;apos;2018-06-25T15:24:21.231Z&amp;apos;
System info: host: &amp;apos;AYUSH-HOB&amp;apos;, ip: &amp;apos;172.17.42.72&amp;apos;, os.name: &amp;apos;Windows 10&amp;apos;, os.arch: &amp;apos;amd64&amp;apos;, os.version: &amp;apos;10.0&amp;apos;, java.version: &amp;apos;16.0.2&amp;apos;
Driver info: driver.version: RemoteWebDriver">
      <![CDATA[org.openqa.selenium.NoSuchSessionException: Session ID is null. Using WebDriver after calling quit()?
Build info: version: '3.13.0', revision: '2f0d292', time: '2018-06-25T15:24:21.231Z'
System info: host: 'AYUSH-HOB', ip: '172.17.42.72', os.name: 'Windows 10', os.arch: 'amd64', os.version: '10.0', java.version: '16.0.2'
Driver info: driver.version: RemoteWebDriver
	at org.openqa.selenium.remote.HttpCommandExecutor.execute(HttpCommandExecutor.java:125)
	at org.openqa.selenium.remote.service.DriverCommandExecutor.execute(DriverCommandExecutor.java:83)
	at org.openqa.selenium.remote.RemoteWebDriver.execute(RemoteWebDriver.java:548)
	at org.openqa.selenium.remote.RemoteWebDriver.findElement(RemoteWebDriver.java:322)
	at org.openqa.selenium.remote.RemoteWebDriver.findElementByXPath(RemoteWebDriver.java:424)
	at org.openqa.selenium.By$ByXPath.findElement(By.java:353)
	at org.openqa.selenium.remote.RemoteWebDriver.findElement(RemoteWebDriver.java:314)
	at com.boddess.utilities.Setup.Mouseover(Setup.java:44)
	at com.boddess.testscript.PLP.static_plp(PLP.java:129)
... Removed 24 stack frames]]>
    </failure>
  </testcase> <!-- static_plp -->
  <testcase classname="com.boddess.testscript.MyAccount" name="Newsletter" time="0.002">
    <failure type="org.openqa.selenium.NoSuchSessionException" message="Session ID is null. Using WebDriver after calling quit()?
Build info: version: &amp;apos;3.13.0&amp;apos;, revision: &amp;apos;2f0d292&amp;apos;, time: &amp;apos;2018-06-25T15:24:21.231Z&amp;apos;
System info: host: &amp;apos;AYUSH-HOB&amp;apos;, ip: &amp;apos;172.17.42.72&amp;apos;, os.name: &amp;apos;Windows 10&amp;apos;, os.arch: &amp;apos;amd64&amp;apos;, os.version: &amp;apos;10.0&amp;apos;, java.version: &amp;apos;16.0.2&amp;apos;
Driver info: driver.version: RemoteWebDriver">
      <![CDATA[org.openqa.selenium.NoSuchSessionException: Session ID is null. Using WebDriver after calling quit()?
Build info: version: '3.13.0', revision: '2f0d292', time: '2018-06-25T15:24:21.231Z'
System info: host: 'AYUSH-HOB', ip: '172.17.42.72', os.name: 'Windows 10', os.arch: 'amd64', os.version: '10.0', java.version: '16.0.2'
Driver info: driver.version: RemoteWebDriver
	at org.openqa.selenium.remote.HttpCommandExecutor.execute(HttpCommandExecutor.java:125)
	at org.openqa.selenium.remote.service.DriverCommandExecutor.execute(DriverCommandExecutor.java:83)
	at org.openqa.selenium.remote.RemoteWebDriver.execute(RemoteWebDriver.java:548)
	at org.openqa.selenium.remote.RemoteWebDriver.findElements(RemoteWebDriver.java:349)
	at org.openqa.selenium.remote.RemoteWebDriver.findElementsByXPath(RemoteWebDriver.java:428)
	at org.openqa.selenium.By$ByXPath.findElements(By.java:348)
	at org.openqa.selenium.remote.RemoteWebDriver.findElements(RemoteWebDriver.java:310)
	at org.openqa.selenium.support.ui.ExpectedConditions.findElement(ExpectedConditions.java:895)
	at org.openqa.selenium.support.ui.ExpectedConditions.access$000(ExpectedConditions.java:44)
	at org.openqa.selenium.support.ui.ExpectedConditions$7.apply(ExpectedConditions.java:206)
	at org.openqa.selenium.support.ui.ExpectedConditions$7.apply(ExpectedConditions.java:202)
	at org.openqa.selenium.support.ui.FluentWait.until(FluentWait.java:248)
	at com.boddess.utilities.Setup.wait(Setup.java:56)
	at com.boddess.testscript.MyAccount.Newsletter(MyAccount.java:156)
... Removed 24 stack frames]]>
    </failure>
  </testcase> <!-- Newsletter -->
  <testcase classname="com.boddess.testscript.PDP" name="social" time="0.001">
    <failure type="org.openqa.selenium.NoSuchSessionException" message="Session ID is null. Using WebDriver after calling quit()?
Build info: version: &amp;apos;3.13.0&amp;apos;, revision: &amp;apos;2f0d292&amp;apos;, time: &amp;apos;2018-06-25T15:24:21.231Z&amp;apos;
System info: host: &amp;apos;AYUSH-HOB&amp;apos;, ip: &amp;apos;172.17.42.72&amp;apos;, os.name: &amp;apos;Windows 10&amp;apos;, os.arch: &amp;apos;amd64&amp;apos;, os.version: &amp;apos;10.0&amp;apos;, java.version: &amp;apos;16.0.2&amp;apos;
Driver info: driver.version: RemoteWebDriver">
      <![CDATA[org.openqa.selenium.NoSuchSessionException: Session ID is null. Using WebDriver after calling quit()?
Build info: version: '3.13.0', revision: '2f0d292', time: '2018-06-25T15:24:21.231Z'
System info: host: 'AYUSH-HOB', ip: '172.17.42.72', os.name: 'Windows 10', os.arch: 'amd64', os.version: '10.0', java.version: '16.0.2'
Driver info: driver.version: RemoteWebDriver
	at org.openqa.selenium.remote.HttpCommandExecutor.execute(HttpCommandExecutor.java:125)
	at org.openqa.selenium.remote.service.DriverCommandExecutor.execute(DriverCommandExecutor.java:83)
	at org.openqa.selenium.remote.RemoteWebDriver.execute(RemoteWebDriver.java:548)
	at org.openqa.selenium.remote.RemoteWebDriver.findElements(RemoteWebDriver.java:349)
	at org.openqa.selenium.remote.RemoteWebDriver.findElementsByXPath(RemoteWebDriver.java:428)
	at org.openqa.selenium.By$ByXPath.findElements(By.java:348)
	at org.openqa.selenium.remote.RemoteWebDriver.findElements(RemoteWebDriver.java:310)
	at org.openqa.selenium.support.ui.ExpectedConditions.findElement(ExpectedConditions.java:895)
	at org.openqa.selenium.support.ui.ExpectedConditions.access$000(ExpectedConditions.java:44)
	at org.openqa.selenium.support.ui.ExpectedConditions$7.apply(ExpectedConditions.java:206)
	at org.openqa.selenium.support.ui.ExpectedConditions$7.apply(ExpectedConditions.java:202)
	at org.openqa.selenium.support.ui.FluentWait.until(FluentWait.java:248)
	at com.boddess.utilities.Setup.wait(Setup.java:56)
	at com.boddess.testscript.PDP.social(PDP.java:90)
... Removed 24 stack frames]]>
    </failure>
  </testcase> <!-- social -->
  <testcase classname="com.boddess.testscript.Homepage" name="cat_Navigation" time="0.0">
    <failure type="org.openqa.selenium.NoSuchSessionException" message="Session ID is null. Using WebDriver after calling quit()?
Build info: version: &amp;apos;3.13.0&amp;apos;, revision: &amp;apos;2f0d292&amp;apos;, time: &amp;apos;2018-06-25T15:24:21.231Z&amp;apos;
System info: host: &amp;apos;AYUSH-HOB&amp;apos;, ip: &amp;apos;172.17.42.72&amp;apos;, os.name: &amp;apos;Windows 10&amp;apos;, os.arch: &amp;apos;amd64&amp;apos;, os.version: &amp;apos;10.0&amp;apos;, java.version: &amp;apos;16.0.2&amp;apos;
Driver info: driver.version: RemoteWebDriver">
      <![CDATA[org.openqa.selenium.NoSuchSessionException: Session ID is null. Using WebDriver after calling quit()?
Build info: version: '3.13.0', revision: '2f0d292', time: '2018-06-25T15:24:21.231Z'
System info: host: 'AYUSH-HOB', ip: '172.17.42.72', os.name: 'Windows 10', os.arch: 'amd64', os.version: '10.0', java.version: '16.0.2'
Driver info: driver.version: RemoteWebDriver
	at org.openqa.selenium.remote.HttpCommandExecutor.execute(HttpCommandExecutor.java:125)
	at org.openqa.selenium.remote.service.DriverCommandExecutor.execute(DriverCommandExecutor.java:83)
	at org.openqa.selenium.remote.RemoteWebDriver.execute(RemoteWebDriver.java:548)
	at org.openqa.selenium.remote.RemoteWebDriver.findElement(RemoteWebDriver.java:322)
	at org.openqa.selenium.remote.RemoteWebDriver.findElementByXPath(RemoteWebDriver.java:424)
	at org.openqa.selenium.By$ByXPath.findElement(By.java:353)
	at org.openqa.selenium.remote.RemoteWebDriver.findElement(RemoteWebDriver.java:314)
	at com.boddess.utilities.Setup.Mouseover(Setup.java:44)
	at com.boddess.testscript.Homepage.cat_Navigation(Homepage.java:136)
... Removed 24 stack frames]]>
    </failure>
  </testcase> <!-- cat_Navigation -->
  <testcase classname="com.boddess.testscript.MyAccount" name="DefaultBillingAddress" time="0.002">
    <failure type="org.openqa.selenium.NoSuchSessionException" message="Session ID is null. Using WebDriver after calling quit()?
Build info: version: &amp;apos;3.13.0&amp;apos;, revision: &amp;apos;2f0d292&amp;apos;, time: &amp;apos;2018-06-25T15:24:21.231Z&amp;apos;
System info: host: &amp;apos;AYUSH-HOB&amp;apos;, ip: &amp;apos;172.17.42.72&amp;apos;, os.name: &amp;apos;Windows 10&amp;apos;, os.arch: &amp;apos;amd64&amp;apos;, os.version: &amp;apos;10.0&amp;apos;, java.version: &amp;apos;16.0.2&amp;apos;
Driver info: driver.version: RemoteWebDriver">
      <![CDATA[org.openqa.selenium.NoSuchSessionException: Session ID is null. Using WebDriver after calling quit()?
Build info: version: '3.13.0', revision: '2f0d292', time: '2018-06-25T15:24:21.231Z'
System info: host: 'AYUSH-HOB', ip: '172.17.42.72', os.name: 'Windows 10', os.arch: 'amd64', os.version: '10.0', java.version: '16.0.2'
Driver info: driver.version: RemoteWebDriver
	at org.openqa.selenium.remote.HttpCommandExecutor.execute(HttpCommandExecutor.java:125)
	at org.openqa.selenium.remote.service.DriverCommandExecutor.execute(DriverCommandExecutor.java:83)
	at org.openqa.selenium.remote.RemoteWebDriver.execute(RemoteWebDriver.java:548)
	at org.openqa.selenium.remote.RemoteWebDriver.findElements(RemoteWebDriver.java:349)
	at org.openqa.selenium.remote.RemoteWebDriver.findElementsByXPath(RemoteWebDriver.java:428)
	at org.openqa.selenium.By$ByXPath.findElements(By.java:348)
	at org.openqa.selenium.remote.RemoteWebDriver.findElements(RemoteWebDriver.java:310)
	at org.openqa.selenium.support.ui.ExpectedConditions.findElement(ExpectedConditions.java:895)
	at org.openqa.selenium.support.ui.ExpectedConditions.access$000(ExpectedConditions.java:44)
	at org.openqa.selenium.support.ui.ExpectedConditions$7.apply(ExpectedConditions.java:206)
	at org.openqa.selenium.support.ui.ExpectedConditions$7.apply(ExpectedConditions.java:202)
	at org.openqa.selenium.support.ui.FluentWait.until(FluentWait.java:248)
	at com.boddess.utilities.Setup.wait(Setup.java:56)
	at com.boddess.testscript.MyAccount.DefaultBillingAddress(MyAccount.java:185)
... Removed 24 stack frames]]>
    </failure>
  </testcase> <!-- DefaultBillingAddress -->
  <testcase classname="com.boddess.testscript.PDP" name="prices_pdp" time="0.002">
    <failure type="org.openqa.selenium.NoSuchSessionException" message="Session ID is null. Using WebDriver after calling quit()?
Build info: version: &amp;apos;3.13.0&amp;apos;, revision: &amp;apos;2f0d292&amp;apos;, time: &amp;apos;2018-06-25T15:24:21.231Z&amp;apos;
System info: host: &amp;apos;AYUSH-HOB&amp;apos;, ip: &amp;apos;172.17.42.72&amp;apos;, os.name: &amp;apos;Windows 10&amp;apos;, os.arch: &amp;apos;amd64&amp;apos;, os.version: &amp;apos;10.0&amp;apos;, java.version: &amp;apos;16.0.2&amp;apos;
Driver info: driver.version: RemoteWebDriver">
      <![CDATA[org.openqa.selenium.NoSuchSessionException: Session ID is null. Using WebDriver after calling quit()?
Build info: version: '3.13.0', revision: '2f0d292', time: '2018-06-25T15:24:21.231Z'
System info: host: 'AYUSH-HOB', ip: '172.17.42.72', os.name: 'Windows 10', os.arch: 'amd64', os.version: '10.0', java.version: '16.0.2'
Driver info: driver.version: RemoteWebDriver
	at org.openqa.selenium.remote.HttpCommandExecutor.execute(HttpCommandExecutor.java:125)
	at org.openqa.selenium.remote.service.DriverCommandExecutor.execute(DriverCommandExecutor.java:83)
	at org.openqa.selenium.remote.RemoteWebDriver.execute(RemoteWebDriver.java:548)
	at org.openqa.selenium.remote.RemoteWebDriver.findElement(RemoteWebDriver.java:322)
	at org.openqa.selenium.remote.RemoteWebDriver.findElementByXPath(RemoteWebDriver.java:424)
	at org.openqa.selenium.By$ByXPath.findElement(By.java:353)
	at org.openqa.selenium.remote.RemoteWebDriver.findElement(RemoteWebDriver.java:314)
	at com.boddess.testscript.PDP.prices_pdp(PDP.java:115)
... Removed 24 stack frames]]>
    </failure>
  </testcase> <!-- prices_pdp -->
  <testcase classname="com.boddess.testscript.MyAccount" name="DefaultShippingAddress" time="0.002">
    <failure type="org.openqa.selenium.NoSuchSessionException" message="Session ID is null. Using WebDriver after calling quit()?
Build info: version: &amp;apos;3.13.0&amp;apos;, revision: &amp;apos;2f0d292&amp;apos;, time: &amp;apos;2018-06-25T15:24:21.231Z&amp;apos;
System info: host: &amp;apos;AYUSH-HOB&amp;apos;, ip: &amp;apos;172.17.42.72&amp;apos;, os.name: &amp;apos;Windows 10&amp;apos;, os.arch: &amp;apos;amd64&amp;apos;, os.version: &amp;apos;10.0&amp;apos;, java.version: &amp;apos;16.0.2&amp;apos;
Driver info: driver.version: RemoteWebDriver">
      <![CDATA[org.openqa.selenium.NoSuchSessionException: Session ID is null. Using WebDriver after calling quit()?
Build info: version: '3.13.0', revision: '2f0d292', time: '2018-06-25T15:24:21.231Z'
System info: host: 'AYUSH-HOB', ip: '172.17.42.72', os.name: 'Windows 10', os.arch: 'amd64', os.version: '10.0', java.version: '16.0.2'
Driver info: driver.version: RemoteWebDriver
	at org.openqa.selenium.remote.HttpCommandExecutor.execute(HttpCommandExecutor.java:125)
	at org.openqa.selenium.remote.service.DriverCommandExecutor.execute(DriverCommandExecutor.java:83)
	at org.openqa.selenium.remote.RemoteWebDriver.execute(RemoteWebDriver.java:548)
	at org.openqa.selenium.remote.RemoteWebDriver.findElements(RemoteWebDriver.java:349)
	at org.openqa.selenium.remote.RemoteWebDriver.findElementsByXPath(RemoteWebDriver.java:428)
	at org.openqa.selenium.By$ByXPath.findElements(By.java:348)
	at org.openqa.selenium.remote.RemoteWebDriver.findElements(RemoteWebDriver.java:310)
	at org.openqa.selenium.support.ui.ExpectedConditions.findElement(ExpectedConditions.java:895)
	at org.openqa.selenium.support.ui.ExpectedConditions.access$000(ExpectedConditions.java:44)
	at org.openqa.selenium.support.ui.ExpectedConditions$7.apply(ExpectedConditions.java:206)
	at org.openqa.selenium.support.ui.ExpectedConditions$7.apply(ExpectedConditions.java:202)
	at org.openqa.selenium.support.ui.FluentWait.until(FluentWait.java:248)
	at com.boddess.utilities.Setup.wait(Setup.java:56)
	at com.boddess.testscript.MyAccount.DefaultShippingAddress(MyAccount.java:214)
... Removed 24 stack frames]]>
    </failure>
  </testcase> <!-- DefaultShippingAddress -->
  <testcase classname="com.boddess.testscript.PDP" name="wish" time="0.002">
    <failure type="org.openqa.selenium.NoSuchSessionException" message="Session ID is null. Using WebDriver after calling quit()?
Build info: version: &amp;apos;3.13.0&amp;apos;, revision: &amp;apos;2f0d292&amp;apos;, time: &amp;apos;2018-06-25T15:24:21.231Z&amp;apos;
System info: host: &amp;apos;AYUSH-HOB&amp;apos;, ip: &amp;apos;172.17.42.72&amp;apos;, os.name: &amp;apos;Windows 10&amp;apos;, os.arch: &amp;apos;amd64&amp;apos;, os.version: &amp;apos;10.0&amp;apos;, java.version: &amp;apos;16.0.2&amp;apos;
Driver info: driver.version: RemoteWebDriver">
      <![CDATA[org.openqa.selenium.NoSuchSessionException: Session ID is null. Using WebDriver after calling quit()?
Build info: version: '3.13.0', revision: '2f0d292', time: '2018-06-25T15:24:21.231Z'
System info: host: 'AYUSH-HOB', ip: '172.17.42.72', os.name: 'Windows 10', os.arch: 'amd64', os.version: '10.0', java.version: '16.0.2'
Driver info: driver.version: RemoteWebDriver
	at org.openqa.selenium.remote.HttpCommandExecutor.execute(HttpCommandExecutor.java:125)
	at org.openqa.selenium.remote.service.DriverCommandExecutor.execute(DriverCommandExecutor.java:83)
	at org.openqa.selenium.remote.RemoteWebDriver.execute(RemoteWebDriver.java:548)
	at org.openqa.selenium.remote.RemoteWebDriver.findElements(RemoteWebDriver.java:349)
	at org.openqa.selenium.remote.RemoteWebDriver.findElementsByXPath(RemoteWebDriver.java:428)
	at org.openqa.selenium.By$ByXPath.findElements(By.java:348)
	at org.openqa.selenium.remote.RemoteWebDriver.findElements(RemoteWebDriver.java:310)
	at org.openqa.selenium.support.ui.ExpectedConditions.findElement(ExpectedConditions.java:895)
	at org.openqa.selenium.support.ui.ExpectedConditions.access$000(ExpectedConditions.java:44)
	at org.openqa.selenium.support.ui.ExpectedConditions$7.apply(ExpectedConditions.java:206)
	at org.openqa.selenium.support.ui.ExpectedConditions$7.apply(ExpectedConditions.java:202)
	at org.openqa.selenium.support.ui.FluentWait.until(FluentWait.java:248)
	at com.boddess.utilities.Setup.wait(Setup.java:56)
	at com.boddess.testscript.PDP.wish(PDP.java:135)
... Removed 24 stack frames]]>
    </failure>
  </testcase> <!-- wish -->
  <testcase classname="com.boddess.testscript.MyAccount" name="ManageAddressLink" time="0.001">
    <failure type="org.openqa.selenium.NoSuchSessionException" message="Session ID is null. Using WebDriver after calling quit()?
Build info: version: &amp;apos;3.13.0&amp;apos;, revision: &amp;apos;2f0d292&amp;apos;, time: &amp;apos;2018-06-25T15:24:21.231Z&amp;apos;
System info: host: &amp;apos;AYUSH-HOB&amp;apos;, ip: &amp;apos;172.17.42.72&amp;apos;, os.name: &amp;apos;Windows 10&amp;apos;, os.arch: &amp;apos;amd64&amp;apos;, os.version: &amp;apos;10.0&amp;apos;, java.version: &amp;apos;16.0.2&amp;apos;
Driver info: driver.version: RemoteWebDriver">
      <![CDATA[org.openqa.selenium.NoSuchSessionException: Session ID is null. Using WebDriver after calling quit()?
Build info: version: '3.13.0', revision: '2f0d292', time: '2018-06-25T15:24:21.231Z'
System info: host: 'AYUSH-HOB', ip: '172.17.42.72', os.name: 'Windows 10', os.arch: 'amd64', os.version: '10.0', java.version: '16.0.2'
Driver info: driver.version: RemoteWebDriver
	at org.openqa.selenium.remote.HttpCommandExecutor.execute(HttpCommandExecutor.java:125)
	at org.openqa.selenium.remote.service.DriverCommandExecutor.execute(DriverCommandExecutor.java:83)
	at org.openqa.selenium.remote.RemoteWebDriver.execute(RemoteWebDriver.java:548)
	at org.openqa.selenium.remote.RemoteWebDriver.findElements(RemoteWebDriver.java:349)
	at org.openqa.selenium.remote.RemoteWebDriver.findElementsByXPath(RemoteWebDriver.java:428)
	at org.openqa.selenium.By$ByXPath.findElements(By.java:348)
	at org.openqa.selenium.remote.RemoteWebDriver.findElements(RemoteWebDriver.java:310)
	at org.openqa.selenium.support.ui.ExpectedConditions.findElement(ExpectedConditions.java:895)
	at org.openqa.selenium.support.ui.ExpectedConditions.access$000(ExpectedConditions.java:44)
	at org.openqa.selenium.support.ui.ExpectedConditions$7.apply(ExpectedConditions.java:206)
	at org.openqa.selenium.support.ui.ExpectedConditions$7.apply(ExpectedConditions.java:202)
	at org.openqa.selenium.support.ui.FluentWait.until(FluentWait.java:248)
	at com.boddess.utilities.Setup.wait(Setup.java:56)
	at com.boddess.testscript.MyAccount.ManageAddressLink(MyAccount.java:243)
... Removed 24 stack frames]]>
    </failure>
  </testcase> <!-- ManageAddressLink -->
  <testcase classname="com.boddess.testscript.PDP" name="Product_Image" time="0.002">
    <failure type="org.openqa.selenium.NoSuchSessionException" message="Session ID is null. Using WebDriver after calling quit()?
Build info: version: &amp;apos;3.13.0&amp;apos;, revision: &amp;apos;2f0d292&amp;apos;, time: &amp;apos;2018-06-25T15:24:21.231Z&amp;apos;
System info: host: &amp;apos;AYUSH-HOB&amp;apos;, ip: &amp;apos;172.17.42.72&amp;apos;, os.name: &amp;apos;Windows 10&amp;apos;, os.arch: &amp;apos;amd64&amp;apos;, os.version: &amp;apos;10.0&amp;apos;, java.version: &amp;apos;16.0.2&amp;apos;
Driver info: driver.version: RemoteWebDriver">
      <![CDATA[org.openqa.selenium.NoSuchSessionException: Session ID is null. Using WebDriver after calling quit()?
Build info: version: '3.13.0', revision: '2f0d292', time: '2018-06-25T15:24:21.231Z'
System info: host: 'AYUSH-HOB', ip: '172.17.42.72', os.name: 'Windows 10', os.arch: 'amd64', os.version: '10.0', java.version: '16.0.2'
Driver info: driver.version: RemoteWebDriver
	at org.openqa.selenium.remote.HttpCommandExecutor.execute(HttpCommandExecutor.java:125)
	at org.openqa.selenium.remote.service.DriverCommandExecutor.execute(DriverCommandExecutor.java:83)
	at org.openqa.selenium.remote.RemoteWebDriver.execute(RemoteWebDriver.java:548)
	at org.openqa.selenium.remote.RemoteWebDriver.findElements(RemoteWebDriver.java:349)
	at org.openqa.selenium.remote.RemoteWebDriver.findElementsByXPath(RemoteWebDriver.java:428)
	at org.openqa.selenium.By$ByXPath.findElements(By.java:348)
	at org.openqa.selenium.remote.RemoteWebDriver.findElements(RemoteWebDriver.java:310)
	at org.openqa.selenium.support.ui.ExpectedConditions.findElement(ExpectedConditions.java:895)
	at org.openqa.selenium.support.ui.ExpectedConditions.access$000(ExpectedConditions.java:44)
	at org.openqa.selenium.support.ui.ExpectedConditions$7.apply(ExpectedConditions.java:206)
	at org.openqa.selenium.support.ui.ExpectedConditions$7.apply(ExpectedConditions.java:202)
	at org.openqa.selenium.support.ui.FluentWait.until(FluentWait.java:248)
	at com.boddess.utilities.Setup.wait(Setup.java:56)
	at com.boddess.testscript.PDP.Product_Image(PDP.java:154)
... Removed 24 stack frames]]>
    </failure>
  </testcase> <!-- Product_Image -->
  <testcase classname="com.boddess.testscript.PDP" name="Pincode_Validation" time="0.001">
    <failure type="org.openqa.selenium.NoSuchSessionException" message="Session ID is null. Using WebDriver after calling quit()?
Build info: version: &amp;apos;3.13.0&amp;apos;, revision: &amp;apos;2f0d292&amp;apos;, time: &amp;apos;2018-06-25T15:24:21.231Z&amp;apos;
System info: host: &amp;apos;AYUSH-HOB&amp;apos;, ip: &amp;apos;172.17.42.72&amp;apos;, os.name: &amp;apos;Windows 10&amp;apos;, os.arch: &amp;apos;amd64&amp;apos;, os.version: &amp;apos;10.0&amp;apos;, java.version: &amp;apos;16.0.2&amp;apos;
Driver info: driver.version: RemoteWebDriver">
      <![CDATA[org.openqa.selenium.NoSuchSessionException: Session ID is null. Using WebDriver after calling quit()?
Build info: version: '3.13.0', revision: '2f0d292', time: '2018-06-25T15:24:21.231Z'
System info: host: 'AYUSH-HOB', ip: '172.17.42.72', os.name: 'Windows 10', os.arch: 'amd64', os.version: '10.0', java.version: '16.0.2'
Driver info: driver.version: RemoteWebDriver
	at org.openqa.selenium.remote.HttpCommandExecutor.execute(HttpCommandExecutor.java:125)
	at org.openqa.selenium.remote.service.DriverCommandExecutor.execute(DriverCommandExecutor.java:83)
	at org.openqa.selenium.remote.RemoteWebDriver.execute(RemoteWebDriver.java:548)
	at org.openqa.selenium.remote.RemoteWebDriver.findElements(RemoteWebDriver.java:349)
	at org.openqa.selenium.remote.RemoteWebDriver.findElementsByXPath(RemoteWebDriver.java:428)
	at org.openqa.selenium.By$ByXPath.findElements(By.java:348)
	at org.openqa.selenium.remote.RemoteWebDriver.findElements(RemoteWebDriver.java:310)
	at org.openqa.selenium.support.ui.ExpectedConditions.findElement(ExpectedConditions.java:895)
	at org.openqa.selenium.support.ui.ExpectedConditions.access$000(ExpectedConditions.java:44)
	at org.openqa.selenium.support.ui.ExpectedConditions$7.apply(ExpectedConditions.java:206)
	at org.openqa.selenium.support.ui.ExpectedConditions$7.apply(ExpectedConditions.java:202)
	at org.openqa.selenium.support.ui.FluentWait.until(FluentWait.java:248)
	at com.boddess.utilities.Setup.wait(Setup.java:56)
	at com.boddess.testscript.PDP.Pincode_Validation(PDP.java:178)
... Removed 24 stack frames]]>
    </failure>
  </testcase> <!-- Pincode_Validation -->
  <testcase classname="com.boddess.testscript.PDP" name="ProductDetailSection" time="0.001">
    <failure type="org.openqa.selenium.NoSuchSessionException" message="Session ID is null. Using WebDriver after calling quit()?
Build info: version: &amp;apos;3.13.0&amp;apos;, revision: &amp;apos;2f0d292&amp;apos;, time: &amp;apos;2018-06-25T15:24:21.231Z&amp;apos;
System info: host: &amp;apos;AYUSH-HOB&amp;apos;, ip: &amp;apos;172.17.42.72&amp;apos;, os.name: &amp;apos;Windows 10&amp;apos;, os.arch: &amp;apos;amd64&amp;apos;, os.version: &amp;apos;10.0&amp;apos;, java.version: &amp;apos;16.0.2&amp;apos;
Driver info: driver.version: RemoteWebDriver">
      <![CDATA[org.openqa.selenium.NoSuchSessionException: Session ID is null. Using WebDriver after calling quit()?
Build info: version: '3.13.0', revision: '2f0d292', time: '2018-06-25T15:24:21.231Z'
System info: host: 'AYUSH-HOB', ip: '172.17.42.72', os.name: 'Windows 10', os.arch: 'amd64', os.version: '10.0', java.version: '16.0.2'
Driver info: driver.version: RemoteWebDriver
	at org.openqa.selenium.remote.HttpCommandExecutor.execute(HttpCommandExecutor.java:125)
	at org.openqa.selenium.remote.service.DriverCommandExecutor.execute(DriverCommandExecutor.java:83)
	at org.openqa.selenium.remote.RemoteWebDriver.execute(RemoteWebDriver.java:548)
	at org.openqa.selenium.remote.RemoteWebDriver.findElements(RemoteWebDriver.java:349)
	at org.openqa.selenium.remote.RemoteWebDriver.findElementsByXPath(RemoteWebDriver.java:428)
	at org.openqa.selenium.By$ByXPath.findElements(By.java:348)
	at org.openqa.selenium.remote.RemoteWebDriver.findElements(RemoteWebDriver.java:310)
	at org.openqa.selenium.support.ui.ExpectedConditions.findElement(ExpectedConditions.java:895)
	at org.openqa.selenium.support.ui.ExpectedConditions.access$000(ExpectedConditions.java:44)
	at org.openqa.selenium.support.ui.ExpectedConditions$7.apply(ExpectedConditions.java:206)
	at org.openqa.selenium.support.ui.ExpectedConditions$7.apply(ExpectedConditions.java:202)
	at org.openqa.selenium.support.ui.FluentWait.until(FluentWait.java:248)
	at com.boddess.utilities.Setup.wait(Setup.java:56)
	at com.boddess.testscript.PDP.ProductDetailSection(PDP.java:209)
... Removed 24 stack frames]]>
    </failure>
  </testcase> <!-- ProductDetailSection -->
  <testcase classname="com.boddess.testscript.PDP" name="breadcrumbs_pdp" time="0.001">
    <failure type="org.openqa.selenium.NoSuchSessionException" message="Session ID is null. Using WebDriver after calling quit()?
Build info: version: &amp;apos;3.13.0&amp;apos;, revision: &amp;apos;2f0d292&amp;apos;, time: &amp;apos;2018-06-25T15:24:21.231Z&amp;apos;
System info: host: &amp;apos;AYUSH-HOB&amp;apos;, ip: &amp;apos;172.17.42.72&amp;apos;, os.name: &amp;apos;Windows 10&amp;apos;, os.arch: &amp;apos;amd64&amp;apos;, os.version: &amp;apos;10.0&amp;apos;, java.version: &amp;apos;16.0.2&amp;apos;
Driver info: driver.version: RemoteWebDriver">
      <![CDATA[org.openqa.selenium.NoSuchSessionException: Session ID is null. Using WebDriver after calling quit()?
Build info: version: '3.13.0', revision: '2f0d292', time: '2018-06-25T15:24:21.231Z'
System info: host: 'AYUSH-HOB', ip: '172.17.42.72', os.name: 'Windows 10', os.arch: 'amd64', os.version: '10.0', java.version: '16.0.2'
Driver info: driver.version: RemoteWebDriver
	at org.openqa.selenium.remote.HttpCommandExecutor.execute(HttpCommandExecutor.java:125)
	at org.openqa.selenium.remote.service.DriverCommandExecutor.execute(DriverCommandExecutor.java:83)
	at org.openqa.selenium.remote.RemoteWebDriver.execute(RemoteWebDriver.java:548)
	at org.openqa.selenium.remote.RemoteWebDriver.findElement(RemoteWebDriver.java:322)
	at org.openqa.selenium.remote.RemoteWebDriver.findElementByXPath(RemoteWebDriver.java:424)
	at org.openqa.selenium.By$ByXPath.findElement(By.java:353)
	at org.openqa.selenium.remote.RemoteWebDriver.findElement(RemoteWebDriver.java:314)
	at com.boddess.testscript.PDP.breadcrumbs_pdp(PDP.java:242)
... Removed 24 stack frames]]>
    </failure>
  </testcase> <!-- breadcrumbs_pdp -->
  <testcase classname="com.boddess.testscript.PDP" name="Pincode_Validation_correct" time="0.002">
    <failure type="org.openqa.selenium.NoSuchSessionException" message="Session ID is null. Using WebDriver after calling quit()?
Build info: version: &amp;apos;3.13.0&amp;apos;, revision: &amp;apos;2f0d292&amp;apos;, time: &amp;apos;2018-06-25T15:24:21.231Z&amp;apos;
System info: host: &amp;apos;AYUSH-HOB&amp;apos;, ip: &amp;apos;172.17.42.72&amp;apos;, os.name: &amp;apos;Windows 10&amp;apos;, os.arch: &amp;apos;amd64&amp;apos;, os.version: &amp;apos;10.0&amp;apos;, java.version: &amp;apos;16.0.2&amp;apos;
Driver info: driver.version: RemoteWebDriver">
      <![CDATA[org.openqa.selenium.NoSuchSessionException: Session ID is null. Using WebDriver after calling quit()?
Build info: version: '3.13.0', revision: '2f0d292', time: '2018-06-25T15:24:21.231Z'
System info: host: 'AYUSH-HOB', ip: '172.17.42.72', os.name: 'Windows 10', os.arch: 'amd64', os.version: '10.0', java.version: '16.0.2'
Driver info: driver.version: RemoteWebDriver
	at org.openqa.selenium.remote.HttpCommandExecutor.execute(HttpCommandExecutor.java:125)
	at org.openqa.selenium.remote.service.DriverCommandExecutor.execute(DriverCommandExecutor.java:83)
	at org.openqa.selenium.remote.RemoteWebDriver.execute(RemoteWebDriver.java:548)
	at org.openqa.selenium.remote.RemoteWebDriver.findElements(RemoteWebDriver.java:349)
	at org.openqa.selenium.remote.RemoteWebDriver.findElementsByXPath(RemoteWebDriver.java:428)
	at org.openqa.selenium.By$ByXPath.findElements(By.java:348)
	at org.openqa.selenium.remote.RemoteWebDriver.findElements(RemoteWebDriver.java:310)
	at org.openqa.selenium.support.ui.ExpectedConditions.findElement(ExpectedConditions.java:895)
	at org.openqa.selenium.support.ui.ExpectedConditions.access$000(ExpectedConditions.java:44)
	at org.openqa.selenium.support.ui.ExpectedConditions$7.apply(ExpectedConditions.java:206)
	at org.openqa.selenium.support.ui.ExpectedConditions$7.apply(ExpectedConditions.java:202)
	at org.openqa.selenium.support.ui.FluentWait.until(FluentWait.java:248)
	at com.boddess.utilities.Setup.wait(Setup.java:56)
	at com.boddess.testscript.PDP.Pincode_Validation_correct(PDP.java:271)
... Removed 24 stack frames]]>
    </failure>
  </testcase> <!-- Pincode_Validation_correct -->
</testsuite> <!-- Test -->
