<?xml version="1.0" encoding="UTF-8"?>
<testng-results skipped="0" failed="0" total="6" passed="6">
  <reporter-output>
  </reporter-output>
  <suite name="Suite" duration-ms="67371" started-at="2021-02-17T10:25:10Z" finished-at="2021-02-17T10:26:17Z">
    <groups>
    </groups>
    <test name="Homepage" duration-ms="6168" started-at="2021-02-17T10:25:10Z" finished-at="2021-02-17T10:25:16Z">
      <class name="com.boddess.testscript.Homepage">
        <test-method status="PASS" signature="Header_Links()[pri:0, instance:com.boddess.testscript.Homepage@2d209079]" name="Header_Links" duration-ms="4599" started-at="2021-02-17T15:55:10Z" description="Homepage&gt;&gt; Test Case No.1&gt;&gt; Verify Boddess logo on Homepage" finished-at="2021-02-17T15:55:14Z">
          <reporter-output>
          </reporter-output>
        </test-method> <!-- Header_Links -->
        <test-method status="PASS" signature="getResult(org.testng.ITestResult)[pri:0, instance:com.boddess.testscript.Homepage@2d209079]" name="getResult" is-config="true" duration-ms="288" started-at="2021-02-17T15:55:14Z" finished-at="2021-02-17T15:55:15Z">
          <params>
            <param index="0">
              <value>
                <![CDATA[[TestResult name=Header_Links status=SUCCESS method=Homepage.Header_Links()[pri:0, instance:com.boddess.testscript.Homepage@2d209079] output={null}]]]>
              </value>
            </param>
          </params>
          <reporter-output>
          </reporter-output>
        </test-method> <!-- getResult -->
        <test-method status="PASS" signature="Header_Links1()[pri:0, instance:com.boddess.testscript.Homepage@2d209079]" name="Header_Links1" duration-ms="1186" started-at="2021-02-17T15:55:15Z" description="Homepage&gt;&gt;Test Case No.2&gt;&gt; Verify Boddess categories on Homepage" finished-at="2021-02-17T15:55:16Z">
          <reporter-output>
          </reporter-output>
        </test-method> <!-- Header_Links1 -->
        <test-method status="PASS" signature="getResult(org.testng.ITestResult)[pri:0, instance:com.boddess.testscript.Homepage@2d209079]" name="getResult" is-config="true" duration-ms="1" started-at="2021-02-17T15:55:16Z" finished-at="2021-02-17T15:55:16Z">
          <params>
            <param index="0">
              <value>
                <![CDATA[[TestResult name=Header_Links1 status=SUCCESS method=Homepage.Header_Links1()[pri:0, instance:com.boddess.testscript.Homepage@2d209079] output={null}]]]>
              </value>
            </param>
          </params>
          <reporter-output>
          </reporter-output>
        </test-method> <!-- getResult -->
      </class> <!-- com.boddess.testscript.Homepage -->
    </test> <!-- Homepage -->
    <test name="Login_Reg" duration-ms="14952" started-at="2021-02-17T10:25:18Z" finished-at="2021-02-17T10:25:33Z">
      <class name="com.boddess.testscript.Login_Reg">
        <test-method status="PASS" signature="Login()[pri:0, instance:com.boddess.testscript.Login_Reg@7a0ac6e3]" name="Login" duration-ms="14949" started-at="2021-02-17T15:55:18Z" description="Login and Reg&gt;&gt; Verify user is able to login" finished-at="2021-02-17T15:55:33Z">
          <reporter-output>
          </reporter-output>
        </test-method> <!-- Login -->
        <test-method status="PASS" signature="getResult(org.testng.ITestResult)[pri:0, instance:com.boddess.testscript.Login_Reg@7a0ac6e3]" name="getResult" is-config="true" duration-ms="1" started-at="2021-02-17T15:55:33Z" finished-at="2021-02-17T15:55:33Z">
          <params>
            <param index="0">
              <value>
                <![CDATA[[TestResult name=Login status=SUCCESS method=Login_Reg.Login()[pri:0, instance:com.boddess.testscript.Login_Reg@7a0ac6e3] output={null}]]]>
              </value>
            </param>
          </params>
          <reporter-output>
          </reporter-output>
        </test-method> <!-- getResult -->
      </class> <!-- com.boddess.testscript.Login_Reg -->
    </test> <!-- Login_Reg -->
    <test name="PLP" duration-ms="44381" started-at="2021-02-17T10:25:33Z" finished-at="2021-02-17T10:26:17Z">
      <class name="com.boddess.testscript.PLP">
        <test-method status="PASS" signature="report()[pri:0, instance:com.boddess.testscript.PLP@506e6d5e]" name="report" is-config="true" duration-ms="25108" started-at="2021-02-17T15:54:44Z" finished-at="2021-02-17T15:55:10Z">
          <reporter-output>
          </reporter-output>
        </test-method> <!-- report -->
        <test-method status="PASS" signature="plp()[pri:0, instance:com.boddess.testscript.PLP@506e6d5e]" name="plp" duration-ms="11593" started-at="2021-02-17T15:55:33Z" description="PLP&gt;&gt;Test No.1 Verifying if Banner is displayed on PLP Page" finished-at="2021-02-17T15:55:44Z">
          <reporter-output>
          </reporter-output>
        </test-method> <!-- plp -->
        <test-method status="PASS" signature="getResult(org.testng.ITestResult)[pri:0, instance:com.boddess.testscript.PLP@506e6d5e]" name="getResult" is-config="true" duration-ms="1" started-at="2021-02-17T15:55:44Z" finished-at="2021-02-17T15:55:44Z">
          <params>
            <param index="0">
              <value>
                <![CDATA[[TestResult name=plp status=SUCCESS method=PLP.plp()[pri:0, instance:com.boddess.testscript.PLP@506e6d5e] output={null}]]]>
              </value>
            </param>
          </params>
          <reporter-output>
          </reporter-output>
        </test-method> <!-- getResult -->
        <test-method status="PASS" signature="bread_plp()[pri:0, instance:com.boddess.testscript.PLP@506e6d5e]" name="bread_plp" duration-ms="26506" started-at="2021-02-17T15:55:44Z" description="PLP&gt;&gt;Test No.2 Verifying Breadcrumb on PLP Page" finished-at="2021-02-17T15:56:11Z">
          <reporter-output>
          </reporter-output>
        </test-method> <!-- bread_plp -->
        <test-method status="PASS" signature="getResult(org.testng.ITestResult)[pri:0, instance:com.boddess.testscript.PLP@506e6d5e]" name="getResult" is-config="true" duration-ms="0" started-at="2021-02-17T15:56:11Z" finished-at="2021-02-17T15:56:11Z">
          <params>
            <param index="0">
              <value>
                <![CDATA[[TestResult name=bread_plp status=SUCCESS method=PLP.bread_plp()[pri:0, instance:com.boddess.testscript.PLP@506e6d5e] output={null}]]]>
              </value>
            </param>
          </params>
          <reporter-output>
          </reporter-output>
        </test-method> <!-- getResult -->
        <test-method status="PASS" signature="static_plp()[pri:0, instance:com.boddess.testscript.PLP@506e6d5e]" name="static_plp" duration-ms="6276" started-at="2021-02-17T15:56:11Z" description="PLP&gt;&gt;Test No.4 Verifying Static Text on PLP Page" finished-at="2021-02-17T15:56:17Z">
          <reporter-output>
          </reporter-output>
        </test-method> <!-- static_plp -->
        <test-method status="PASS" signature="getResult(org.testng.ITestResult)[pri:0, instance:com.boddess.testscript.PLP@506e6d5e]" name="getResult" is-config="true" duration-ms="0" started-at="2021-02-17T15:56:17Z" finished-at="2021-02-17T15:56:17Z">
          <params>
            <param index="0">
              <value>
                <![CDATA[[TestResult name=static_plp status=SUCCESS method=PLP.static_plp()[pri:0, instance:com.boddess.testscript.PLP@506e6d5e] output={null}]]]>
              </value>
            </param>
          </params>
          <reporter-output>
          </reporter-output>
        </test-method> <!-- getResult -->
        <test-method status="PASS" signature="endReport()[pri:0, instance:com.boddess.testscript.PLP@506e6d5e]" name="endReport" is-config="true" duration-ms="2915" started-at="2021-02-17T15:56:17Z" finished-at="2021-02-17T15:56:20Z">
          <reporter-output>
          </reporter-output>
        </test-method> <!-- endReport -->
      </class> <!-- com.boddess.testscript.PLP -->
    </test> <!-- PLP -->
  </suite> <!-- Suite -->
</testng-results>
