<?xml version="1.0" encoding="UTF-8"?>
<testsuite name="TestSuite" time="244.316" tests="24" errors="0" skipped="0" failures="3">
  <properties>
[...]
</properties>
  <testcase name="Header_Links" classname="com.boddess.testscript.Homepage" time="0.348"/>
  <testcase name="Header_Links1" classname="com.boddess.testscript.Homepage" time="0.446"/>
  <testcase name="cat_Navigation" classname="com.boddess.testscript.Homepage" time="12.929"/>
  <testcase name="Login" classname="com.boddess.testscript.Login_Reg" time="0.092">
    <failure message="Element &lt;a href=&quot;https://www.boddess.com/customer/account/login/referer/aHR0cHM6Ly93d3cuYm9kZGVzcy5jb20vZnJhZ3JhbmNl/&quot;&gt; is not clickable at point (1200,37) because another element &lt;li class=&quot;authorization-link&quot;&gt; obscures it&#10;Build info: version: &apos;3.13.0&apos;, revision: &apos;2f0d292&apos;, time: &apos;2018-06-25T15:24:21.231Z&apos;&#10;System info: host: &apos;AYUSH-HOB&apos;, ip: &apos;172.17.42.72&apos;, os.name: &apos;Windows 10&apos;, os.arch: &apos;amd64&apos;, os.version: &apos;10.0&apos;, java.version: &apos;1.8.0_341&apos;&#10;Driver info: org.openqa.selenium.firefox.FirefoxDriver&#10;Capabilities {acceptInsecureCerts: true, browserName: firefox, browserVersion: 103.0.2, javascriptEnabled: true, moz:accessibilityChecks: false, moz:buildID: 20220808125904, moz:geckodriverVersion: 0.30.0, moz:headless: false, moz:platformVersion: 10.0, moz:processID: 13000, moz:profile: C:\Users\AYUSH~1.SHA\AppDat..., moz:shutdownTimeout: 60000, moz:useNonSpecCompliantPointerOrigin: false, moz:webdriverClick: true, moz:windowless: false, pageLoadStrategy: normal, platform: WINDOWS, platformName: WINDOWS, proxy: Proxy(), setWindowRect: true, strictFileInteractability: false, timeouts: {implicit: 0, pageLoad: 300000, script: 30000}, unhandledPromptBehavior: dismiss and notify}&#10;Session ID: 6f9cd898-a465-4b55-8e9f-4948a07de5d3" type="org.openqa.selenium.ElementClickInterceptedException"><![CDATA[org.openqa.selenium.ElementClickInterceptedException: Element <a href="https://www.boddess.com/customer/account/login/referer/aHR0cHM6Ly93d3cuYm9kZGVzcy5jb20vZnJhZ3JhbmNl/"> is not clickable at point (1200,37) because another element <li class="authorization-link"> obscures it
Build info: version: '3.13.0', revision: '2f0d292', time: '2018-06-25T15:24:21.231Z'
System info: host: 'AYUSH-HOB', ip: '172.17.42.72', os.name: 'Windows 10', os.arch: 'amd64', os.version: '10.0', java.version: '1.8.0_341'
Driver info: org.openqa.selenium.firefox.FirefoxDriver
Capabilities {acceptInsecureCerts: true, browserName: firefox, browserVersion: 103.0.2, javascriptEnabled: true, moz:accessibilityChecks: false, moz:buildID: 20220808125904, moz:geckodriverVersion: 0.30.0, moz:headless: false, moz:platformVersion: 10.0, moz:processID: 13000, moz:profile: C:\Users\AYUSH~1.SHA\AppDat..., moz:shutdownTimeout: 60000, moz:useNonSpecCompliantPointerOrigin: false, moz:webdriverClick: true, moz:windowless: false, pageLoadStrategy: normal, platform: WINDOWS, platformName: WINDOWS, proxy: Proxy(), setWindowRect: true, strictFileInteractability: false, timeouts: {implicit: 0, pageLoad: 300000, script: 30000}, unhandledPromptBehavior: dismiss and notify}
Session ID: 6f9cd898-a465-4b55-8e9f-4948a07de5d3
	at sun.reflect.NativeConstructorAccessorImpl.newInstance0(Native Method)
	at sun.reflect.NativeConstructorAccessorImpl.newInstance(NativeConstructorAccessorImpl.java:62)
	at sun.reflect.DelegatingConstructorAccessorImpl.newInstance(DelegatingConstructorAccessorImpl.java:45)
	at java.lang.reflect.Constructor.newInstance(Constructor.java:423)
	at org.openqa.selenium.remote.http.W3CHttpResponseCodec.createException(W3CHttpResponseCodec.java:187)
	at org.openqa.selenium.remote.http.W3CHttpResponseCodec.decode(W3CHttpResponseCodec.java:122)
	at org.openqa.selenium.remote.http.W3CHttpResponseCodec.decode(W3CHttpResponseCodec.java:49)
	at org.openqa.selenium.remote.HttpCommandExecutor.execute(HttpCommandExecutor.java:158)
	at org.openqa.selenium.remote.service.DriverCommandExecutor.execute(DriverCommandExecutor.java:83)
	at org.openqa.selenium.remote.RemoteWebDriver.execute(RemoteWebDriver.java:548)
	at org.openqa.selenium.remote.RemoteWebElement.execute(RemoteWebElement.java:276)
	at org.openqa.selenium.remote.RemoteWebElement.click(RemoteWebElement.java:83)
	at com.boddess.testscript.Login_Reg.Login(Login_Reg.java:28)
]]></failure>
  </testcase>
  <testcase name="bread_plp" classname="com.boddess.testscript.PLP" time="0.349"/>
  <testcase name="static_plp" classname="com.boddess.testscript.PLP" time="120.565">
    <failure message="Expected condition failed: waiting for visibility of element located by By.xpath: //a[@id=&apos;ui-id-45&apos;] (tried for 120 second(s) with 500 milliseconds interval)&#10;Build info: version: &apos;3.13.0&apos;, revision: &apos;2f0d292&apos;, time: &apos;2018-06-25T15:24:21.231Z&apos;&#10;System info: host: &apos;AYUSH-HOB&apos;, ip: &apos;172.17.42.72&apos;, os.name: &apos;Windows 10&apos;, os.arch: &apos;amd64&apos;, os.version: &apos;10.0&apos;, java.version: &apos;1.8.0_341&apos;&#10;Driver info: org.openqa.selenium.firefox.FirefoxDriver&#10;Capabilities {acceptInsecureCerts: true, browserName: firefox, browserVersion: 103.0.2, javascriptEnabled: true, moz:accessibilityChecks: false, moz:buildID: 20220808125904, moz:geckodriverVersion: 0.30.0, moz:headless: false, moz:platformVersion: 10.0, moz:processID: 13000, moz:profile: C:\Users\AYUSH~1.SHA\AppDat..., moz:shutdownTimeout: 60000, moz:useNonSpecCompliantPointerOrigin: false, moz:webdriverClick: true, moz:windowless: false, pageLoadStrategy: normal, platform: WINDOWS, platformName: WINDOWS, proxy: Proxy(), setWindowRect: true, strictFileInteractability: false, timeouts: {implicit: 0, pageLoad: 300000, script: 30000}, unhandledPromptBehavior: dismiss and notify}&#10;Session ID: 6f9cd898-a465-4b55-8e9f-4948a07de5d3" type="org.openqa.selenium.TimeoutException">org.openqa.selenium.TimeoutException: Expected condition failed: waiting for visibility of element located by By.xpath: //a[@id='ui-id-45'] (tried for 120 second(s) with 500 milliseconds interval)
Build info: version: '3.13.0', revision: '2f0d292', time: '2018-06-25T15:24:21.231Z'
System info: host: 'AYUSH-HOB', ip: '172.17.42.72', os.name: 'Windows 10', os.arch: 'amd64', os.version: '10.0', java.version: '1.8.0_341'
Driver info: org.openqa.selenium.firefox.FirefoxDriver
Capabilities {acceptInsecureCerts: true, browserName: firefox, browserVersion: 103.0.2, javascriptEnabled: true, moz:accessibilityChecks: false, moz:buildID: 20220808125904, moz:geckodriverVersion: 0.30.0, moz:headless: false, moz:platformVersion: 10.0, moz:processID: 13000, moz:profile: C:\Users\AYUSH~1.SHA\AppDat..., moz:shutdownTimeout: 60000, moz:useNonSpecCompliantPointerOrigin: false, moz:webdriverClick: true, moz:windowless: false, pageLoadStrategy: normal, platform: WINDOWS, platformName: WINDOWS, proxy: Proxy(), setWindowRect: true, strictFileInteractability: false, timeouts: {implicit: 0, pageLoad: 300000, script: 30000}, unhandledPromptBehavior: dismiss and notify}
Session ID: 6f9cd898-a465-4b55-8e9f-4948a07de5d3
	at org.openqa.selenium.support.ui.WebDriverWait.timeoutException(WebDriverWait.java:81)
	at org.openqa.selenium.support.ui.FluentWait.until(FluentWait.java:271)
	at com.boddess.utilities.Setup.wait(Setup.java:47)
	at com.boddess.testscript.PLP.static_plp(PLP.java:134)
</failure>
  </testcase>
  <testcase name="prd_name" classname="com.boddess.testscript.PDP" time="0.497"/>
  <testcase name="qty_addtoCart" classname="com.boddess.testscript.PDP" time="0.182"/>
  <testcase name="social" classname="com.boddess.testscript.PDP" time="0.166"/>
  <testcase name="prices_pdp" classname="com.boddess.testscript.PDP" time="0.03"/>
  <testcase name="wish" classname="com.boddess.testscript.PDP" time="8.413"/>
  <testcase name="Product_Image" classname="com.boddess.testscript.PDP" time="0.064"/>
  <testcase name="Pincode_Validation" classname="com.boddess.testscript.PDP" time="3.426"/>
  <testcase name="ProductDetailSection" classname="com.boddess.testscript.PDP" time="0.11"/>
  <testcase name="breadcrumbs_pdp" classname="com.boddess.testscript.PDP" time="0.062"/>
  <testcase name="Pincode_Validation_correct" classname="com.boddess.testscript.PDP" time="0.449"/>
  <testcase name="ContactDetails" classname="com.boddess.testscript.MyAccount" time="10.789"/>
  <testcase name="ChangePassword" classname="com.boddess.testscript.MyAccount" time="0.299"/>
  <testcase name="Newsletter" classname="com.boddess.testscript.MyAccount" time="0.324"/>
  <testcase name="DefaultBillingAddress" classname="com.boddess.testscript.MyAccount" time="0.143"/>
  <testcase name="DefaultShippingAddress" classname="com.boddess.testscript.MyAccount" time="0.17"/>
  <testcase name="ManageAddressLink" classname="com.boddess.testscript.MyAccount" time="0.118"/>
  <testcase name="Login" classname="com.boddess.testscript.LoginCheckout" time="55.088"/>
  <testcase name="PrePaidCheckout" classname="com.boddess.testscript.PrepaidCheckout" time="29.257">
    <failure message="Element &lt;span&gt; is not clickable at point (547,419) because another element &lt;div id=&quot;checkout-loader&quot; class=&quot;loading-mask&quot;&gt; obscures it&#10;Build info: version: &apos;3.13.0&apos;, revision: &apos;2f0d292&apos;, time: &apos;2018-06-25T15:24:21.231Z&apos;&#10;System info: host: &apos;AYUSH-HOB&apos;, ip: &apos;172.17.42.72&apos;, os.name: &apos;Windows 10&apos;, os.arch: &apos;amd64&apos;, os.version: &apos;10.0&apos;, java.version: &apos;1.8.0_341&apos;&#10;Driver info: org.openqa.selenium.firefox.FirefoxDriver&#10;Capabilities {acceptInsecureCerts: true, browserName: firefox, browserVersion: 103.0.2, javascriptEnabled: true, moz:accessibilityChecks: false, moz:buildID: 20220808125904, moz:geckodriverVersion: 0.30.0, moz:headless: false, moz:platformVersion: 10.0, moz:processID: 13000, moz:profile: C:\Users\AYUSH~1.SHA\AppDat..., moz:shutdownTimeout: 60000, moz:useNonSpecCompliantPointerOrigin: false, moz:webdriverClick: true, moz:windowless: false, pageLoadStrategy: normal, platform: WINDOWS, platformName: WINDOWS, proxy: Proxy(), setWindowRect: true, strictFileInteractability: false, timeouts: {implicit: 0, pageLoad: 300000, script: 30000}, unhandledPromptBehavior: dismiss and notify}&#10;Session ID: 6f9cd898-a465-4b55-8e9f-4948a07de5d3" type="org.openqa.selenium.ElementClickInterceptedException"><![CDATA[org.openqa.selenium.ElementClickInterceptedException: Element <span> is not clickable at point (547,419) because another element <div id="checkout-loader" class="loading-mask"> obscures it
Build info: version: '3.13.0', revision: '2f0d292', time: '2018-06-25T15:24:21.231Z'
System info: host: 'AYUSH-HOB', ip: '172.17.42.72', os.name: 'Windows 10', os.arch: 'amd64', os.version: '10.0', java.version: '1.8.0_341'
Driver info: org.openqa.selenium.firefox.FirefoxDriver
Capabilities {acceptInsecureCerts: true, browserName: firefox, browserVersion: 103.0.2, javascriptEnabled: true, moz:accessibilityChecks: false, moz:buildID: 20220808125904, moz:geckodriverVersion: 0.30.0, moz:headless: false, moz:platformVersion: 10.0, moz:processID: 13000, moz:profile: C:\Users\AYUSH~1.SHA\AppDat..., moz:shutdownTimeout: 60000, moz:useNonSpecCompliantPointerOrigin: false, moz:webdriverClick: true, moz:windowless: false, pageLoadStrategy: normal, platform: WINDOWS, platformName: WINDOWS, proxy: Proxy(), setWindowRect: true, strictFileInteractability: false, timeouts: {implicit: 0, pageLoad: 300000, script: 30000}, unhandledPromptBehavior: dismiss and notify}
Session ID: 6f9cd898-a465-4b55-8e9f-4948a07de5d3
	at sun.reflect.NativeConstructorAccessorImpl.newInstance0(Native Method)
	at sun.reflect.NativeConstructorAccessorImpl.newInstance(NativeConstructorAccessorImpl.java:62)
	at sun.reflect.DelegatingConstructorAccessorImpl.newInstance(DelegatingConstructorAccessorImpl.java:45)
	at java.lang.reflect.Constructor.newInstance(Constructor.java:423)
	at org.openqa.selenium.remote.http.W3CHttpResponseCodec.createException(W3CHttpResponseCodec.java:187)
	at org.openqa.selenium.remote.http.W3CHttpResponseCodec.decode(W3CHttpResponseCodec.java:122)
	at org.openqa.selenium.remote.http.W3CHttpResponseCodec.decode(W3CHttpResponseCodec.java:49)
	at org.openqa.selenium.remote.HttpCommandExecutor.execute(HttpCommandExecutor.java:158)
	at org.openqa.selenium.remote.service.DriverCommandExecutor.execute(DriverCommandExecutor.java:83)
	at org.openqa.selenium.remote.RemoteWebDriver.execute(RemoteWebDriver.java:548)
	at org.openqa.selenium.remote.RemoteWebElement.execute(RemoteWebElement.java:276)
	at org.openqa.selenium.remote.RemoteWebElement.click(RemoteWebElement.java:83)
	at com.boddess.testscript.PrepaidCheckout.PrePaidCheckout(PrepaidCheckout.java:57)
]]></failure>
    <system-err><![CDATA[console.warn: LoginRecipes: "getRecipes: falling back to a synchronous message for:" "https://www.boddess.com"
console.warn: LoginRecipes: "getRecipes: falling back to a synchronous message for:" "https://www.boddess.com"
console.warn: LoginRecipes: "getRecipes: falling back to a synchronous message for:" "https://www.boddess.com"
console.warn: LoginRecipes: "getRecipes: falling back to a synchronous message for:" "https://www.boddess.com"
console.warn: LoginRecipes: "getRecipes: falling back to a synchronous message for:" "https://www.boddess.com"
console.warn: LoginRecipes: "getRecipes: falling back to a synchronous message for:" "https://www.boddess.com"
console.warn: LoginRecipes: "getRecipes: falling back to a synchronous message for:" "https://www.boddess.com"
JavaScript error: https://d1w4iaoithra2p.cloudfront.net/js/init.js?s=https://www.boddess.com/-1&u=UKMjGpo3uKTadjVi3o7zX9cybfBELDeH&v=Y8HBlEFhDM9AUx07, line 32: TypeError: r is null
]]></system-err>
  </testcase>
</testsuite>