<?xml version="1.0" encoding="UTF-8"?>
<testng-results skipped="0" failed="0" total="14" passed="14">
  <reporter-output>
  </reporter-output>
  <suite name="Suite" duration-ms="83334" started-at="2021-03-22T07:26:01Z" finished-at="2021-03-22T07:27:25Z">
    <groups>
    </groups>
    <test name="Homepage" duration-ms="5233" started-at="2021-03-22T07:26:01Z" finished-at="2021-03-22T07:26:06Z">
      <class name="com.boddess.testscript.Homepage">
        <test-method status="PASS" signature="Header_Links()[pri:0, instance:com.boddess.testscript.Homepage@2d209079]" name="Header_Links" duration-ms="3739" started-at="2021-03-22T12:56:01Z" description="Homepage&gt;&gt; Test Case No.1&gt;&gt; Verify Boddess logo on Homepage" finished-at="2021-03-22T12:56:05Z">
          <reporter-output>
          </reporter-output>
        </test-method> <!-- Header_Links -->
        <test-method status="PASS" signature="getResult(org.testng.ITestResult)[pri:0, instance:com.boddess.testscript.Homepage@2d209079]" name="getResult" is-config="true" duration-ms="26" started-at="2021-03-22T12:56:05Z" finished-at="2021-03-22T12:56:05Z">
          <params>
            <param index="0">
              <value>
                <![CDATA[[TestResult name=Header_Links status=SUCCESS method=Homepage.Header_Links()[pri:0, instance:com.boddess.testscript.Homepage@2d209079] output={null}]]]>
              </value>
            </param>
          </params>
          <reporter-output>
          </reporter-output>
        </test-method> <!-- getResult -->
        <test-method status="PASS" signature="Header_Links1()[pri:0, instance:com.boddess.testscript.Homepage@2d209079]" name="Header_Links1" duration-ms="1424" started-at="2021-03-22T12:56:05Z" description="Homepage&gt;&gt;Test Case No.2&gt;&gt; Verify Boddess categories on Homepage" finished-at="2021-03-22T12:56:06Z">
          <reporter-output>
          </reporter-output>
        </test-method> <!-- Header_Links1 -->
        <test-method status="PASS" signature="getResult(org.testng.ITestResult)[pri:0, instance:com.boddess.testscript.Homepage@2d209079]" name="getResult" is-config="true" duration-ms="1" started-at="2021-03-22T12:56:06Z" finished-at="2021-03-22T12:56:06Z">
          <params>
            <param index="0">
              <value>
                <![CDATA[[TestResult name=Header_Links1 status=SUCCESS method=Homepage.Header_Links1()[pri:0, instance:com.boddess.testscript.Homepage@2d209079] output={null}]]]>
              </value>
            </param>
          </params>
          <reporter-output>
          </reporter-output>
        </test-method> <!-- getResult -->
      </class> <!-- com.boddess.testscript.Homepage -->
    </test> <!-- Homepage -->
    <test name="Login_Reg" duration-ms="16047" started-at="2021-03-22T07:26:07Z" finished-at="2021-03-22T07:26:23Z">
      <class name="com.boddess.testscript.Login_Reg">
        <test-method status="PASS" signature="Login()[pri:0, instance:com.boddess.testscript.Login_Reg@7a0ac6e3]" name="Login" duration-ms="16041" started-at="2021-03-22T12:56:07Z" description="Login and Reg&gt;&gt; Verify user is able to login" finished-at="2021-03-22T12:56:23Z">
          <reporter-output>
          </reporter-output>
        </test-method> <!-- Login -->
        <test-method status="PASS" signature="getResult(org.testng.ITestResult)[pri:0, instance:com.boddess.testscript.Login_Reg@7a0ac6e3]" name="getResult" is-config="true" duration-ms="1" started-at="2021-03-22T12:56:23Z" finished-at="2021-03-22T12:56:23Z">
          <params>
            <param index="0">
              <value>
                <![CDATA[[TestResult name=Login status=SUCCESS method=Login_Reg.Login()[pri:0, instance:com.boddess.testscript.Login_Reg@7a0ac6e3] output={null}]]]>
              </value>
            </param>
          </params>
          <reporter-output>
          </reporter-output>
        </test-method> <!-- getResult -->
      </class> <!-- com.boddess.testscript.Login_Reg -->
    </test> <!-- Login_Reg -->
    <test name="PLP" duration-ms="36720" started-at="2021-03-22T07:26:23Z" finished-at="2021-03-22T07:26:59Z">
      <class name="com.boddess.testscript.PLP">
        <test-method status="PASS" signature="plp()[pri:0, instance:com.boddess.testscript.PLP@506e6d5e]" name="plp" duration-ms="11288" started-at="2021-03-22T12:56:23Z" description="PLP&gt;&gt;Test No.1 Verifying if Banner is displayed on PLP Page" finished-at="2021-03-22T12:56:34Z">
          <reporter-output>
          </reporter-output>
        </test-method> <!-- plp -->
        <test-method status="PASS" signature="getResult(org.testng.ITestResult)[pri:0, instance:com.boddess.testscript.PLP@506e6d5e]" name="getResult" is-config="true" duration-ms="1" started-at="2021-03-22T12:56:34Z" finished-at="2021-03-22T12:56:34Z">
          <params>
            <param index="0">
              <value>
                <![CDATA[[TestResult name=plp status=SUCCESS method=PLP.plp()[pri:0, instance:com.boddess.testscript.PLP@506e6d5e] output={null}]]]>
              </value>
            </param>
          </params>
          <reporter-output>
          </reporter-output>
        </test-method> <!-- getResult -->
        <test-method status="PASS" signature="bread_plp()[pri:0, instance:com.boddess.testscript.PLP@506e6d5e]" name="bread_plp" duration-ms="15671" started-at="2021-03-22T12:56:34Z" description="PLP&gt;&gt;Test No.2 Verifying Breadcrumb on PLP Page" finished-at="2021-03-22T12:56:50Z">
          <reporter-output>
          </reporter-output>
        </test-method> <!-- bread_plp -->
        <test-method status="PASS" signature="getResult(org.testng.ITestResult)[pri:0, instance:com.boddess.testscript.PLP@506e6d5e]" name="getResult" is-config="true" duration-ms="1" started-at="2021-03-22T12:56:50Z" finished-at="2021-03-22T12:56:50Z">
          <params>
            <param index="0">
              <value>
                <![CDATA[[TestResult name=bread_plp status=SUCCESS method=PLP.bread_plp()[pri:0, instance:com.boddess.testscript.PLP@506e6d5e] output={null}]]]>
              </value>
            </param>
          </params>
          <reporter-output>
          </reporter-output>
        </test-method> <!-- getResult -->
        <test-method status="PASS" signature="static_plp()[pri:0, instance:com.boddess.testscript.PLP@506e6d5e]" name="static_plp" duration-ms="9754" started-at="2021-03-22T12:56:50Z" description="PLP&gt;&gt;Test No.4 Verifying Static Text on PLP Page" finished-at="2021-03-22T12:56:59Z">
          <reporter-output>
          </reporter-output>
        </test-method> <!-- static_plp -->
        <test-method status="PASS" signature="getResult(org.testng.ITestResult)[pri:0, instance:com.boddess.testscript.PLP@506e6d5e]" name="getResult" is-config="true" duration-ms="0" started-at="2021-03-22T12:56:59Z" finished-at="2021-03-22T12:56:59Z">
          <params>
            <param index="0">
              <value>
                <![CDATA[[TestResult name=static_plp status=SUCCESS method=PLP.static_plp()[pri:0, instance:com.boddess.testscript.PLP@506e6d5e] output={null}]]]>
              </value>
            </param>
          </params>
          <reporter-output>
          </reporter-output>
        </test-method> <!-- getResult -->
      </class> <!-- com.boddess.testscript.PLP -->
    </test> <!-- PLP -->
    <test name="PDP" duration-ms="24889" started-at="2021-03-22T07:27:00Z" finished-at="2021-03-22T07:27:25Z">
      <class name="com.boddess.testscript.PDP">
        <test-method status="PASS" signature="report()[pri:0, instance:com.boddess.testscript.PDP@edf4efb]" name="report" is-config="true" duration-ms="25580" started-at="2021-03-22T12:55:36Z" finished-at="2021-03-22T12:56:01Z">
          <reporter-output>
          </reporter-output>
        </test-method> <!-- report -->
        <test-method status="PASS" signature="prd_name()[pri:0, instance:com.boddess.testscript.PDP@edf4efb]" name="prd_name" duration-ms="20987" started-at="2021-03-22T12:57:00Z" description="PDP&gt;&gt;Test No.1 Verifying item name displayed on PDP Page" finished-at="2021-03-22T12:57:21Z">
          <reporter-output>
          </reporter-output>
        </test-method> <!-- prd_name -->
        <test-method status="PASS" signature="getResult(org.testng.ITestResult)[pri:0, instance:com.boddess.testscript.PDP@edf4efb]" name="getResult" is-config="true" duration-ms="0" started-at="2021-03-22T12:57:21Z" finished-at="2021-03-22T12:57:21Z">
          <params>
            <param index="0">
              <value>
                <![CDATA[[TestResult name=prd_name status=SUCCESS method=PDP.prd_name()[pri:0, instance:com.boddess.testscript.PDP@edf4efb] output={null}]]]>
              </value>
            </param>
          </params>
          <reporter-output>
          </reporter-output>
        </test-method> <!-- getResult -->
        <test-method status="PASS" signature="qty_addtoCart()[pri:0, instance:com.boddess.testscript.PDP@edf4efb]" name="qty_addtoCart" duration-ms="830" started-at="2021-03-22T12:57:21Z" description="PDP&gt;&gt;Test No.2 Verifying Quantity and Add to cart" finished-at="2021-03-22T12:57:21Z">
          <reporter-output>
          </reporter-output>
        </test-method> <!-- qty_addtoCart -->
        <test-method status="PASS" signature="getResult(org.testng.ITestResult)[pri:0, instance:com.boddess.testscript.PDP@edf4efb]" name="getResult" is-config="true" duration-ms="1" started-at="2021-03-22T12:57:21Z" finished-at="2021-03-22T12:57:21Z">
          <params>
            <param index="0">
              <value>
                <![CDATA[[TestResult name=qty_addtoCart status=SUCCESS method=PDP.qty_addtoCart()[pri:0, instance:com.boddess.testscript.PDP@edf4efb] output={null}]]]>
              </value>
            </param>
          </params>
          <reporter-output>
          </reporter-output>
        </test-method> <!-- getResult -->
        <test-method status="PASS" signature="social()[pri:0, instance:com.boddess.testscript.PDP@edf4efb]" name="social" duration-ms="710" started-at="2021-03-22T12:57:21Z" description="PDP&gt;&gt;Test No.3 Verifying Social Media icon displayed on PDP Page" finished-at="2021-03-22T12:57:22Z">
          <reporter-output>
          </reporter-output>
        </test-method> <!-- social -->
        <test-method status="PASS" signature="getResult(org.testng.ITestResult)[pri:0, instance:com.boddess.testscript.PDP@edf4efb]" name="getResult" is-config="true" duration-ms="0" started-at="2021-03-22T12:57:22Z" finished-at="2021-03-22T12:57:22Z">
          <params>
            <param index="0">
              <value>
                <![CDATA[[TestResult name=social status=SUCCESS method=PDP.social()[pri:0, instance:com.boddess.testscript.PDP@edf4efb] output={null}]]]>
              </value>
            </param>
          </params>
          <reporter-output>
          </reporter-output>
        </test-method> <!-- getResult -->
        <test-method status="PASS" signature="prices_pdp()[pri:0, instance:com.boddess.testscript.PDP@edf4efb]" name="prices_pdp" duration-ms="75" started-at="2021-03-22T12:57:22Z" description="PDP&gt;&gt;Test No.4 Verifying Prices on PDP" finished-at="2021-03-22T12:57:22Z">
          <reporter-output>
          </reporter-output>
        </test-method> <!-- prices_pdp -->
        <test-method status="PASS" signature="getResult(org.testng.ITestResult)[pri:0, instance:com.boddess.testscript.PDP@edf4efb]" name="getResult" is-config="true" duration-ms="0" started-at="2021-03-22T12:57:22Z" finished-at="2021-03-22T12:57:22Z">
          <params>
            <param index="0">
              <value>
                <![CDATA[[TestResult name=prices_pdp status=SUCCESS method=PDP.prices_pdp()[pri:0, instance:com.boddess.testscript.PDP@edf4efb] output={null}]]]>
              </value>
            </param>
          </params>
          <reporter-output>
          </reporter-output>
        </test-method> <!-- getResult -->
        <test-method status="PASS" signature="wish()[pri:0, instance:com.boddess.testscript.PDP@edf4efb]" name="wish" duration-ms="163" started-at="2021-03-22T12:57:22Z" description="PDP&gt;&gt;Test No.5&gt;&gt; Verify add to Wishlist is displayed" finished-at="2021-03-22T12:57:22Z">
          <reporter-output>
          </reporter-output>
        </test-method> <!-- wish -->
        <test-method status="PASS" signature="getResult(org.testng.ITestResult)[pri:0, instance:com.boddess.testscript.PDP@edf4efb]" name="getResult" is-config="true" duration-ms="0" started-at="2021-03-22T12:57:22Z" finished-at="2021-03-22T12:57:22Z">
          <params>
            <param index="0">
              <value>
                <![CDATA[[TestResult name=wish status=SUCCESS method=PDP.wish()[pri:0, instance:com.boddess.testscript.PDP@edf4efb] output={null}]]]>
              </value>
            </param>
          </params>
          <reporter-output>
          </reporter-output>
        </test-method> <!-- getResult -->
        <test-method status="PASS" signature="Product_Image()[pri:0, instance:com.boddess.testscript.PDP@edf4efb]" name="Product_Image" duration-ms="88" started-at="2021-03-22T12:57:22Z" description="PDP Page&gt;&gt; Test Case No.6&gt;&gt; Verify Product image displayed" finished-at="2021-03-22T12:57:23Z">
          <reporter-output>
          </reporter-output>
        </test-method> <!-- Product_Image -->
        <test-method status="PASS" signature="getResult(org.testng.ITestResult)[pri:0, instance:com.boddess.testscript.PDP@edf4efb]" name="getResult" is-config="true" duration-ms="0" started-at="2021-03-22T12:57:23Z" finished-at="2021-03-22T12:57:23Z">
          <params>
            <param index="0">
              <value>
                <![CDATA[[TestResult name=Product_Image status=SUCCESS method=PDP.Product_Image()[pri:0, instance:com.boddess.testscript.PDP@edf4efb] output={null}]]]>
              </value>
            </param>
          </params>
          <reporter-output>
          </reporter-output>
        </test-method> <!-- getResult -->
        <test-method status="PASS" signature="Pincode_Validation()[pri:0, instance:com.boddess.testscript.PDP@edf4efb]" name="Pincode_Validation" duration-ms="1239" started-at="2021-03-22T12:57:23Z" description="PDP Page&gt;&gt; Test Case No. 7&gt;&gt; Pincode validation" finished-at="2021-03-22T12:57:24Z">
          <reporter-output>
          </reporter-output>
        </test-method> <!-- Pincode_Validation -->
        <test-method status="PASS" signature="getResult(org.testng.ITestResult)[pri:0, instance:com.boddess.testscript.PDP@edf4efb]" name="getResult" is-config="true" duration-ms="1" started-at="2021-03-22T12:57:24Z" finished-at="2021-03-22T12:57:24Z">
          <params>
            <param index="0">
              <value>
                <![CDATA[[TestResult name=Pincode_Validation status=SUCCESS method=PDP.Pincode_Validation()[pri:0, instance:com.boddess.testscript.PDP@edf4efb] output={null}]]]>
              </value>
            </param>
          </params>
          <reporter-output>
          </reporter-output>
        </test-method> <!-- getResult -->
        <test-method status="PASS" signature="ProductDetailSection()[pri:0, instance:com.boddess.testscript.PDP@edf4efb]" name="ProductDetailSection" duration-ms="784" started-at="2021-03-22T12:57:24Z" description="PDP Page&gt;&gt; Test Case No. 8&gt;&gt; Verify Product Detail Section" finished-at="2021-03-22T12:57:25Z">
          <reporter-output>
          </reporter-output>
        </test-method> <!-- ProductDetailSection -->
        <test-method status="PASS" signature="getResult(org.testng.ITestResult)[pri:0, instance:com.boddess.testscript.PDP@edf4efb]" name="getResult" is-config="true" duration-ms="2" started-at="2021-03-22T12:57:25Z" finished-at="2021-03-22T12:57:25Z">
          <params>
            <param index="0">
              <value>
                <![CDATA[[TestResult name=ProductDetailSection status=SUCCESS method=PDP.ProductDetailSection()[pri:0, instance:com.boddess.testscript.PDP@edf4efb] output={null}]]]>
              </value>
            </param>
          </params>
          <reporter-output>
          </reporter-output>
        </test-method> <!-- getResult -->
        <test-method status="PASS" signature="endReport()[pri:0, instance:com.boddess.testscript.PDP@edf4efb]" name="endReport" is-config="true" duration-ms="2832" started-at="2021-03-22T12:57:25Z" finished-at="2021-03-22T12:57:27Z">
          <reporter-output>
          </reporter-output>
        </test-method> <!-- endReport -->
      </class> <!-- com.boddess.testscript.PDP -->
    </test> <!-- PDP -->
  </suite> <!-- Suite -->
</testng-results>
