<?xml version="1.0" encoding="UTF-8"?>
<testng-results skipped="0" failed="0" total="14" passed="14">
  <reporter-output>
  </reporter-output>
  <suite name="Suite" duration-ms="70814" started-at="2021-03-17T08:46:38Z" finished-at="2021-03-17T08:47:49Z">
    <groups>
    </groups>
    <test name="Homepage" duration-ms="5571" started-at="2021-03-17T08:46:38Z" finished-at="2021-03-17T08:46:43Z">
      <class name="com.boddess.testscript.Homepage">
        <test-method status="PASS" signature="Header_Links()[pri:0, instance:com.boddess.testscript.Homepage@2d209079]" name="Header_Links" duration-ms="3468" started-at="2021-03-17T14:16:38Z" description="Homepage&gt;&gt; Test Case No.1&gt;&gt; Verify Boddess logo on Homepage" finished-at="2021-03-17T14:16:41Z">
          <reporter-output>
          </reporter-output>
        </test-method> <!-- Header_Links -->
        <test-method status="PASS" signature="getResult(org.testng.ITestResult)[pri:0, instance:com.boddess.testscript.Homepage@2d209079]" name="getResult" is-config="true" duration-ms="21" started-at="2021-03-17T14:16:41Z" finished-at="2021-03-17T14:16:41Z">
          <params>
            <param index="0">
              <value>
                <![CDATA[[TestResult name=Header_Links status=SUCCESS method=Homepage.Header_Links()[pri:0, instance:com.boddess.testscript.Homepage@2d209079] output={null}]]]>
              </value>
            </param>
          </params>
          <reporter-output>
          </reporter-output>
        </test-method> <!-- getResult -->
        <test-method status="PASS" signature="Header_Links1()[pri:0, instance:com.boddess.testscript.Homepage@2d209079]" name="Header_Links1" duration-ms="2060" started-at="2021-03-17T14:16:41Z" description="Homepage&gt;&gt;Test Case No.2&gt;&gt; Verify Boddess categories on Homepage" finished-at="2021-03-17T14:16:43Z">
          <reporter-output>
          </reporter-output>
        </test-method> <!-- Header_Links1 -->
        <test-method status="PASS" signature="getResult(org.testng.ITestResult)[pri:0, instance:com.boddess.testscript.Homepage@2d209079]" name="getResult" is-config="true" duration-ms="0" started-at="2021-03-17T14:16:43Z" finished-at="2021-03-17T14:16:43Z">
          <params>
            <param index="0">
              <value>
                <![CDATA[[TestResult name=Header_Links1 status=SUCCESS method=Homepage.Header_Links1()[pri:0, instance:com.boddess.testscript.Homepage@2d209079] output={null}]]]>
              </value>
            </param>
          </params>
          <reporter-output>
          </reporter-output>
        </test-method> <!-- getResult -->
      </class> <!-- com.boddess.testscript.Homepage -->
    </test> <!-- Homepage -->
    <test name="Login_Reg" duration-ms="14503" started-at="2021-03-17T08:46:44Z" finished-at="2021-03-17T08:46:58Z">
      <class name="com.boddess.testscript.Login_Reg">
        <test-method status="PASS" signature="Login()[pri:0, instance:com.boddess.testscript.Login_Reg@7a0ac6e3]" name="Login" duration-ms="14502" started-at="2021-03-17T14:16:44Z" description="Login and Reg&gt;&gt; Verify user is able to login" finished-at="2021-03-17T14:16:58Z">
          <reporter-output>
          </reporter-output>
        </test-method> <!-- Login -->
        <test-method status="PASS" signature="getResult(org.testng.ITestResult)[pri:0, instance:com.boddess.testscript.Login_Reg@7a0ac6e3]" name="getResult" is-config="true" duration-ms="0" started-at="2021-03-17T14:16:58Z" finished-at="2021-03-17T14:16:58Z">
          <params>
            <param index="0">
              <value>
                <![CDATA[[TestResult name=Login status=SUCCESS method=Login_Reg.Login()[pri:0, instance:com.boddess.testscript.Login_Reg@7a0ac6e3] output={null}]]]>
              </value>
            </param>
          </params>
          <reporter-output>
          </reporter-output>
        </test-method> <!-- getResult -->
      </class> <!-- com.boddess.testscript.Login_Reg -->
    </test> <!-- Login_Reg -->
    <test name="PLP" duration-ms="30277" started-at="2021-03-17T08:46:58Z" finished-at="2021-03-17T08:47:28Z">
      <class name="com.boddess.testscript.PLP">
        <test-method status="PASS" signature="plp()[pri:0, instance:com.boddess.testscript.PLP@506e6d5e]" name="plp" duration-ms="11307" started-at="2021-03-17T14:16:58Z" description="PLP&gt;&gt;Test No.1 Verifying if Banner is displayed on PLP Page" finished-at="2021-03-17T14:17:09Z">
          <reporter-output>
          </reporter-output>
        </test-method> <!-- plp -->
        <test-method status="PASS" signature="getResult(org.testng.ITestResult)[pri:0, instance:com.boddess.testscript.PLP@506e6d5e]" name="getResult" is-config="true" duration-ms="0" started-at="2021-03-17T14:17:09Z" finished-at="2021-03-17T14:17:09Z">
          <params>
            <param index="0">
              <value>
                <![CDATA[[TestResult name=plp status=SUCCESS method=PLP.plp()[pri:0, instance:com.boddess.testscript.PLP@506e6d5e] output={null}]]]>
              </value>
            </param>
          </params>
          <reporter-output>
          </reporter-output>
        </test-method> <!-- getResult -->
        <test-method status="PASS" signature="bread_plp()[pri:0, instance:com.boddess.testscript.PLP@506e6d5e]" name="bread_plp" duration-ms="12692" started-at="2021-03-17T14:17:09Z" description="PLP&gt;&gt;Test No.2 Verifying Breadcrumb on PLP Page" finished-at="2021-03-17T14:17:22Z">
          <reporter-output>
          </reporter-output>
        </test-method> <!-- bread_plp -->
        <test-method status="PASS" signature="getResult(org.testng.ITestResult)[pri:0, instance:com.boddess.testscript.PLP@506e6d5e]" name="getResult" is-config="true" duration-ms="1" started-at="2021-03-17T14:17:22Z" finished-at="2021-03-17T14:17:22Z">
          <params>
            <param index="0">
              <value>
                <![CDATA[[TestResult name=bread_plp status=SUCCESS method=PLP.bread_plp()[pri:0, instance:com.boddess.testscript.PLP@506e6d5e] output={null}]]]>
              </value>
            </param>
          </params>
          <reporter-output>
          </reporter-output>
        </test-method> <!-- getResult -->
        <test-method status="PASS" signature="static_plp()[pri:0, instance:com.boddess.testscript.PLP@506e6d5e]" name="static_plp" duration-ms="6272" started-at="2021-03-17T14:17:22Z" description="PLP&gt;&gt;Test No.4 Verifying Static Text on PLP Page" finished-at="2021-03-17T14:17:28Z">
          <reporter-output>
          </reporter-output>
        </test-method> <!-- static_plp -->
        <test-method status="PASS" signature="getResult(org.testng.ITestResult)[pri:0, instance:com.boddess.testscript.PLP@506e6d5e]" name="getResult" is-config="true" duration-ms="1" started-at="2021-03-17T14:17:28Z" finished-at="2021-03-17T14:17:28Z">
          <params>
            <param index="0">
              <value>
                <![CDATA[[TestResult name=static_plp status=SUCCESS method=PLP.static_plp()[pri:0, instance:com.boddess.testscript.PLP@506e6d5e] output={null}]]]>
              </value>
            </param>
          </params>
          <reporter-output>
          </reporter-output>
        </test-method> <!-- getResult -->
      </class> <!-- com.boddess.testscript.PLP -->
    </test> <!-- PLP -->
    <test name="PDP" duration-ms="20365" started-at="2021-03-17T08:47:28Z" finished-at="2021-03-17T08:47:49Z">
      <class name="com.boddess.testscript.PDP">
        <test-method status="PASS" signature="report()[pri:0, instance:com.boddess.testscript.PDP@edf4efb]" name="report" is-config="true" duration-ms="23721" started-at="2021-03-17T14:16:14Z" finished-at="2021-03-17T14:16:38Z">
          <reporter-output>
          </reporter-output>
        </test-method> <!-- report -->
        <test-method status="PASS" signature="prd_name()[pri:0, instance:com.boddess.testscript.PDP@edf4efb]" name="prd_name" duration-ms="16169" started-at="2021-03-17T14:17:28Z" description="PDP&gt;&gt;Test No.1 Verifying item name displayed on PDP Page" finished-at="2021-03-17T14:17:45Z">
          <reporter-output>
          </reporter-output>
        </test-method> <!-- prd_name -->
        <test-method status="PASS" signature="getResult(org.testng.ITestResult)[pri:0, instance:com.boddess.testscript.PDP@edf4efb]" name="getResult" is-config="true" duration-ms="1" started-at="2021-03-17T14:17:45Z" finished-at="2021-03-17T14:17:45Z">
          <params>
            <param index="0">
              <value>
                <![CDATA[[TestResult name=prd_name status=SUCCESS method=PDP.prd_name()[pri:0, instance:com.boddess.testscript.PDP@edf4efb] output={null}]]]>
              </value>
            </param>
          </params>
          <reporter-output>
          </reporter-output>
        </test-method> <!-- getResult -->
        <test-method status="PASS" signature="qty_addtoCart()[pri:0, instance:com.boddess.testscript.PDP@edf4efb]" name="qty_addtoCart" duration-ms="1069" started-at="2021-03-17T14:17:45Z" description="PDP&gt;&gt;Test No.2 Verifying Quantity and Add to cart" finished-at="2021-03-17T14:17:46Z">
          <reporter-output>
          </reporter-output>
        </test-method> <!-- qty_addtoCart -->
        <test-method status="PASS" signature="getResult(org.testng.ITestResult)[pri:0, instance:com.boddess.testscript.PDP@edf4efb]" name="getResult" is-config="true" duration-ms="1" started-at="2021-03-17T14:17:46Z" finished-at="2021-03-17T14:17:46Z">
          <params>
            <param index="0">
              <value>
                <![CDATA[[TestResult name=qty_addtoCart status=SUCCESS method=PDP.qty_addtoCart()[pri:0, instance:com.boddess.testscript.PDP@edf4efb] output={null}]]]>
              </value>
            </param>
          </params>
          <reporter-output>
          </reporter-output>
        </test-method> <!-- getResult -->
        <test-method status="PASS" signature="social()[pri:0, instance:com.boddess.testscript.PDP@edf4efb]" name="social" duration-ms="706" started-at="2021-03-17T14:17:46Z" description="PDP&gt;&gt;Test No.3 Verifying Social Media icon displayed on PDP Page" finished-at="2021-03-17T14:17:46Z">
          <reporter-output>
          </reporter-output>
        </test-method> <!-- social -->
        <test-method status="PASS" signature="getResult(org.testng.ITestResult)[pri:0, instance:com.boddess.testscript.PDP@edf4efb]" name="getResult" is-config="true" duration-ms="1" started-at="2021-03-17T14:17:46Z" finished-at="2021-03-17T14:17:46Z">
          <params>
            <param index="0">
              <value>
                <![CDATA[[TestResult name=social status=SUCCESS method=PDP.social()[pri:0, instance:com.boddess.testscript.PDP@edf4efb] output={null}]]]>
              </value>
            </param>
          </params>
          <reporter-output>
          </reporter-output>
        </test-method> <!-- getResult -->
        <test-method status="PASS" signature="prices_pdp()[pri:0, instance:com.boddess.testscript.PDP@edf4efb]" name="prices_pdp" duration-ms="194" started-at="2021-03-17T14:17:46Z" description="PDP&gt;&gt;Test No.4 Verifying Prices on PDP" finished-at="2021-03-17T14:17:46Z">
          <reporter-output>
          </reporter-output>
        </test-method> <!-- prices_pdp -->
        <test-method status="PASS" signature="getResult(org.testng.ITestResult)[pri:0, instance:com.boddess.testscript.PDP@edf4efb]" name="getResult" is-config="true" duration-ms="1" started-at="2021-03-17T14:17:46Z" finished-at="2021-03-17T14:17:47Z">
          <params>
            <param index="0">
              <value>
                <![CDATA[[TestResult name=prices_pdp status=SUCCESS method=PDP.prices_pdp()[pri:0, instance:com.boddess.testscript.PDP@edf4efb] output={null}]]]>
              </value>
            </param>
          </params>
          <reporter-output>
          </reporter-output>
        </test-method> <!-- getResult -->
        <test-method status="PASS" signature="wish()[pri:0, instance:com.boddess.testscript.PDP@edf4efb]" name="wish" duration-ms="310" started-at="2021-03-17T14:17:47Z" description="PDP&gt;&gt;Test No.5&gt;&gt; Verify add to Wishlist is displayed" finished-at="2021-03-17T14:17:47Z">
          <reporter-output>
          </reporter-output>
        </test-method> <!-- wish -->
        <test-method status="PASS" signature="getResult(org.testng.ITestResult)[pri:0, instance:com.boddess.testscript.PDP@edf4efb]" name="getResult" is-config="true" duration-ms="1" started-at="2021-03-17T14:17:47Z" finished-at="2021-03-17T14:17:47Z">
          <params>
            <param index="0">
              <value>
                <![CDATA[[TestResult name=wish status=SUCCESS method=PDP.wish()[pri:0, instance:com.boddess.testscript.PDP@edf4efb] output={null}]]]>
              </value>
            </param>
          </params>
          <reporter-output>
          </reporter-output>
        </test-method> <!-- getResult -->
        <test-method status="PASS" signature="Product_Image()[pri:0, instance:com.boddess.testscript.PDP@edf4efb]" name="Product_Image" duration-ms="252" started-at="2021-03-17T14:17:47Z" description="PDP Page&gt;&gt; Test Case No.6&gt;&gt; Verify Product image displayed" finished-at="2021-03-17T14:17:47Z">
          <reporter-output>
          </reporter-output>
        </test-method> <!-- Product_Image -->
        <test-method status="PASS" signature="getResult(org.testng.ITestResult)[pri:0, instance:com.boddess.testscript.PDP@edf4efb]" name="getResult" is-config="true" duration-ms="1" started-at="2021-03-17T14:17:47Z" finished-at="2021-03-17T14:17:47Z">
          <params>
            <param index="0">
              <value>
                <![CDATA[[TestResult name=Product_Image status=SUCCESS method=PDP.Product_Image()[pri:0, instance:com.boddess.testscript.PDP@edf4efb] output={null}]]]>
              </value>
            </param>
          </params>
          <reporter-output>
          </reporter-output>
        </test-method> <!-- getResult -->
        <test-method status="PASS" signature="Pincode_Validation()[pri:0, instance:com.boddess.testscript.PDP@edf4efb]" name="Pincode_Validation" duration-ms="1096" started-at="2021-03-17T14:17:47Z" description="PDP Page&gt;&gt; Test Case No. 7&gt;&gt; Pincode validation" finished-at="2021-03-17T14:17:48Z">
          <reporter-output>
          </reporter-output>
        </test-method> <!-- Pincode_Validation -->
        <test-method status="PASS" signature="getResult(org.testng.ITestResult)[pri:0, instance:com.boddess.testscript.PDP@edf4efb]" name="getResult" is-config="true" duration-ms="2" started-at="2021-03-17T14:17:48Z" finished-at="2021-03-17T14:17:48Z">
          <params>
            <param index="0">
              <value>
                <![CDATA[[TestResult name=Pincode_Validation status=SUCCESS method=PDP.Pincode_Validation()[pri:0, instance:com.boddess.testscript.PDP@edf4efb] output={null}]]]>
              </value>
            </param>
          </params>
          <reporter-output>
          </reporter-output>
        </test-method> <!-- getResult -->
        <test-method status="PASS" signature="ProductDetailSection()[pri:0, instance:com.boddess.testscript.PDP@edf4efb]" name="ProductDetailSection" duration-ms="554" started-at="2021-03-17T14:17:48Z" description="PDP Page&gt;&gt; Test Case No. 8&gt;&gt; Verify Product Detail Section" finished-at="2021-03-17T14:17:49Z">
          <reporter-output>
          </reporter-output>
        </test-method> <!-- ProductDetailSection -->
        <test-method status="PASS" signature="getResult(org.testng.ITestResult)[pri:0, instance:com.boddess.testscript.PDP@edf4efb]" name="getResult" is-config="true" duration-ms="1" started-at="2021-03-17T14:17:49Z" finished-at="2021-03-17T14:17:49Z">
          <params>
            <param index="0">
              <value>
                <![CDATA[[TestResult name=ProductDetailSection status=SUCCESS method=PDP.ProductDetailSection()[pri:0, instance:com.boddess.testscript.PDP@edf4efb] output={null}]]]>
              </value>
            </param>
          </params>
          <reporter-output>
          </reporter-output>
        </test-method> <!-- getResult -->
        <test-method status="PASS" signature="endReport()[pri:0, instance:com.boddess.testscript.PDP@edf4efb]" name="endReport" is-config="true" duration-ms="3646" started-at="2021-03-17T14:17:49Z" finished-at="2021-03-17T14:17:52Z">
          <reporter-output>
          </reporter-output>
        </test-method> <!-- endReport -->
      </class> <!-- com.boddess.testscript.PDP -->
    </test> <!-- PDP -->
  </suite> <!-- Suite -->
</testng-results>
