<?xml version="1.0" encoding="UTF-8"?>
<!-- Generated by org.testng.reporters.JUnitXMLReporter -->
<testsuite hostname="AYUSH-HOB" name="Homepage" tests="3" failures="0" timestamp="1 Sep 2022 10:00:13 GMT" time="13.744" errors="0">
  <testcase name="Header_Links" time="0.348" classname="com.boddess.testscript.Homepage"/>
  <testcase name="Header_Links1" time="0.446" classname="com.boddess.testscript.Homepage"/>
  <testcase name="cat_Navigation" time="12.928" classname="com.boddess.testscript.Homepage"/>
</testsuite> <!-- Homepage -->
