<?xml version="1.0" encoding="UTF-8"?>
<testng-results skipped="0" failed="0" total="2" passed="2">
  <reporter-output>
  </reporter-output>
  <suite name="Default suite" duration-ms="56371" started-at="2021-03-17T07:53:13Z" finished-at="2021-03-17T07:54:09Z">
    <groups>
    </groups>
    <test name="Default test" duration-ms="56371" started-at="2021-03-17T07:53:13Z" finished-at="2021-03-17T07:54:09Z">
      <class name="com.boddess.testscript.PLP">
        <test-method status="PASS" signature="report()[pri:0, instance:com.boddess.testscript.PLP@482f8f11]" name="report" is-config="true" duration-ms="22701" started-at="2021-03-17T13:22:50Z" finished-at="2021-03-17T13:23:13Z">
          <reporter-output>
          </reporter-output>
        </test-method> <!-- report -->
        <test-method status="PASS" signature="bread_plp()[pri:0, instance:com.boddess.testscript.PLP@482f8f11]" name="bread_plp" duration-ms="29286" started-at="2021-03-17T13:23:13Z" description="PLP&gt;&gt;Test No.2 Verifying Breadcrumb on PLP Page" finished-at="2021-03-17T13:23:42Z">
          <reporter-output>
          </reporter-output>
        </test-method> <!-- bread_plp -->
        <test-method status="PASS" signature="getResult(org.testng.ITestResult)[pri:0, instance:com.boddess.testscript.PLP@482f8f11]" name="getResult" is-config="true" duration-ms="17" started-at="2021-03-17T13:23:42Z" finished-at="2021-03-17T13:23:42Z">
          <params>
            <param index="0">
              <value>
                <![CDATA[[TestResult name=bread_plp status=SUCCESS method=PLP.bread_plp()[pri:0, instance:com.boddess.testscript.PLP@482f8f11] output={null}]]]>
              </value>
            </param>
          </params>
          <reporter-output>
          </reporter-output>
        </test-method> <!-- getResult -->
        <test-method status="PASS" signature="static_plp()[pri:0, instance:com.boddess.testscript.PLP@482f8f11]" name="static_plp" duration-ms="27012" started-at="2021-03-17T13:23:42Z" description="PLP&gt;&gt;Test No.4 Verifying Static Text on PLP Page" finished-at="2021-03-17T13:24:09Z">
          <reporter-output>
          </reporter-output>
        </test-method> <!-- static_plp -->
        <test-method status="PASS" signature="getResult(org.testng.ITestResult)[pri:0, instance:com.boddess.testscript.PLP@482f8f11]" name="getResult" is-config="true" duration-ms="2" started-at="2021-03-17T13:24:09Z" finished-at="2021-03-17T13:24:09Z">
          <params>
            <param index="0">
              <value>
                <![CDATA[[TestResult name=static_plp status=SUCCESS method=PLP.static_plp()[pri:0, instance:com.boddess.testscript.PLP@482f8f11] output={null}]]]>
              </value>
            </param>
          </params>
          <reporter-output>
          </reporter-output>
        </test-method> <!-- getResult -->
        <test-method status="PASS" signature="endReport()[pri:0, instance:com.boddess.testscript.PLP@482f8f11]" name="endReport" is-config="true" duration-ms="3381" started-at="2021-03-17T13:24:09Z" finished-at="2021-03-17T13:24:13Z">
          <reporter-output>
          </reporter-output>
        </test-method> <!-- endReport -->
      </class> <!-- com.boddess.testscript.PLP -->
    </test> <!-- Default test -->
  </suite> <!-- Default suite -->
</testng-results>
