<?xml version="1.0" encoding="UTF-8"?>
<!-- Generated by org.testng.reporters.JUnitXMLReporter -->
<testsuite hostname="Ayush-HOB" failures="0" tests="3" name="Default test" time="45.289" errors="0" timestamp="22 Jun 2021 05:24:57 GMT">
  <testcase classname="com.boddess.testscript.Homepage" name="Header_Links" time="1.734"/>
  <testcase classname="com.boddess.testscript.Homepage" name="Header_Links1" time="0.409"/>
  <testcase classname="com.boddess.testscript.Homepage" name="cat_Navigation" time="42.956"/>
</testsuite> <!-- Default test -->
